2021-06-21 07:52:27,853 INFO org.hibernate.validator.internal.util.Version [background-preinit] HV000001: Hibernate Validator 6.2.0.Final
2021-06-21 07:52:27,885 INFO com.OnlineSweetMartApplication [main] Starting OnlineSweetMartApplication using Java 15.0.2 on DESKTOP-MDF5G37 with PID 4812 (C:\Users\pc\SpringBootDemo\OnlineSweetMart\bin\main started by pc in C:\Users\pc\SpringBootDemo\OnlineSweetMart)
2021-06-21 07:52:27,886 INFO com.OnlineSweetMartApplication [main] No active profile set, falling back to default profiles: default
2021-06-21 07:52:30,968 INFO org.springframework.data.repository.config.RepositoryConfigurationDelegate [main] Bootstrapping Spring Data JPA repositories in DEFAULT mode.
2021-06-21 07:52:31,664 INFO org.springframework.data.repository.config.RepositoryConfigurationDelegate [main] Finished Spring Data repository scanning in 670 ms. Found 5 JPA repository interfaces.
2021-06-21 07:52:33,192 INFO org.springframework.boot.web.embedded.tomcat.TomcatWebServer [main] Tomcat initialized with port(s): 8085 (http)
2021-06-21 07:52:33,214 INFO org.apache.coyote.http11.Http11NioProtocol [main] Initializing ProtocolHandler ["http-nio-8085"]
2021-06-21 07:52:33,215 INFO org.apache.catalina.core.StandardService [main] Starting service [Tomcat]
2021-06-21 07:52:33,216 INFO org.apache.catalina.core.StandardEngine [main] Starting Servlet engine: [Apache Tomcat/9.0.46]
2021-06-21 07:52:33,441 INFO org.apache.catalina.core.ContainerBase.[Tomcat].[localhost].[/] [main] Initializing Spring embedded WebApplicationContext
2021-06-21 07:52:33,442 INFO org.springframework.boot.web.servlet.context.ServletWebServerApplicationContext [main] Root WebApplicationContext: initialization completed in 5391 ms
2021-06-21 07:52:33,754 INFO com.zaxxer.hikari.HikariDataSource [main] HikariPool-1 - Starting...
2021-06-21 07:52:34,162 INFO com.zaxxer.hikari.HikariDataSource [main] HikariPool-1 - Start completed.
2021-06-21 07:52:34,789 INFO org.hibernate.jpa.internal.util.LogHelper [main] HHH000204: Processing PersistenceUnitInfo [name: default]
2021-06-21 07:52:35,007 INFO org.hibernate.Version [main] HHH000412: Hibernate ORM core version 5.4.32.Final
2021-06-21 07:52:35,358 INFO org.hibernate.annotations.common.Version [main] HCANN000001: Hibernate Commons Annotations {5.1.2.Final}
2021-06-21 07:52:35,690 INFO org.hibernate.dialect.Dialect [main] HHH000400: Using dialect: org.hibernate.dialect.PostgreSQL10Dialect
2021-06-21 07:52:37,898 INFO org.hibernate.engine.transaction.jta.platform.internal.JtaPlatformInitiator [main] HHH000490: Using JtaPlatform implementation: [org.hibernate.engine.transaction.jta.platform.internal.NoJtaPlatform]
2021-06-21 07:52:37,918 INFO org.springframework.orm.jpa.LocalContainerEntityManagerFactoryBean [main] Initialized JPA EntityManagerFactory for persistence unit 'default'
2021-06-21 07:52:39,634 WARN org.springframework.boot.autoconfigure.orm.jpa.JpaBaseConfiguration$JpaWebConfiguration [main] spring.jpa.open-in-view is enabled by default. Therefore, database queries may be performed during view rendering. Explicitly configure spring.jpa.open-in-view to disable this warning
2021-06-21 07:52:41,517 INFO org.apache.coyote.http11.Http11NioProtocol [main] Starting ProtocolHandler ["http-nio-8085"]
2021-06-21 07:52:41,609 INFO org.springframework.boot.web.embedded.tomcat.TomcatWebServer [main] Tomcat started on port(s): 8085 (http) with context path ''
2021-06-21 07:52:42,752 INFO com.OnlineSweetMartApplication [main] Started OnlineSweetMartApplication in 15.687 seconds (JVM running for 16.988)
2021-06-21 07:53:32,318 INFO org.springframework.boot.test.context.SpringBootTestContextBootstrapper [main] Neither @ContextConfiguration nor @ContextHierarchy found for test class [com.OnlineSweetMartApplicationTests], using SpringBootContextLoader
2021-06-21 07:53:32,328 INFO org.springframework.test.context.support.AbstractContextLoader [main] Could not detect default resource locations for test class [com.OnlineSweetMartApplicationTests]: no resource found for suffixes {-context.xml, Context.groovy}.
2021-06-21 07:53:32,329 INFO org.springframework.test.context.support.AnnotationConfigContextLoaderUtils [main] Could not detect default configuration classes for test class [com.OnlineSweetMartApplicationTests]: OnlineSweetMartApplicationTests does not declare any static, non-private, non-final, nested classes annotated with @Configuration.
2021-06-21 07:53:32,629 INFO org.springframework.boot.test.context.SpringBootTestContextBootstrapper [main] Found @SpringBootConfiguration com.OnlineSweetMartApplication for test class com.OnlineSweetMartApplicationTests
2021-06-21 07:53:32,844 INFO org.springframework.boot.test.context.SpringBootTestContextBootstrapper [main] Loaded default TestExecutionListener class names from location [META-INF/spring.factories]: [org.springframework.boot.test.autoconfigure.restdocs.RestDocsTestExecutionListener, org.springframework.boot.test.autoconfigure.web.client.MockRestServiceServerResetTestExecutionListener, org.springframework.boot.test.autoconfigure.web.servlet.MockMvcPrintOnlyOnFailureTestExecutionListener, org.springframework.boot.test.autoconfigure.web.servlet.WebDriverTestExecutionListener, org.springframework.boot.test.autoconfigure.webservices.client.MockWebServiceServerTestExecutionListener, org.springframework.boot.test.mock.mockito.MockitoTestExecutionListener, org.springframework.boot.test.mock.mockito.ResetMocksTestExecutionListener, org.springframework.test.context.web.ServletTestExecutionListener, org.springframework.test.context.support.DirtiesContextBeforeModesTestExecutionListener, org.springframework.test.context.event.ApplicationEventsTestExecutionListener, org.springframework.test.context.support.DependencyInjectionTestExecutionListener, org.springframework.test.context.support.DirtiesContextTestExecutionListener, org.springframework.test.context.transaction.TransactionalTestExecutionListener, org.springframework.test.context.jdbc.SqlScriptsTestExecutionListener, org.springframework.test.context.event.EventPublishingTestExecutionListener]
2021-06-21 07:53:32,885 INFO org.springframework.boot.test.context.SpringBootTestContextBootstrapper [main] Using TestExecutionListeners: [org.springframework.test.context.web.ServletTestExecutionListener@2a2da905, org.springframework.test.context.support.DirtiesContextBeforeModesTestExecutionListener@24f360b2, org.springframework.test.context.event.ApplicationEventsTestExecutionListener@60cf80e7, org.springframework.boot.test.mock.mockito.MockitoTestExecutionListener@302fec27, org.springframework.boot.test.autoconfigure.SpringBootDependencyInjectionTestExecutionListener@770d0ea6, org.springframework.test.context.support.DirtiesContextTestExecutionListener@48c40605, org.springframework.test.context.transaction.TransactionalTestExecutionListener@54107f42, org.springframework.test.context.jdbc.SqlScriptsTestExecutionListener@1b11ef33, org.springframework.test.context.event.EventPublishingTestExecutionListener@476aac9, org.springframework.boot.test.autoconfigure.restdocs.RestDocsTestExecutionListener@6cea706c, org.springframework.boot.test.autoconfigure.web.client.MockRestServiceServerResetTestExecutionListener@3bd7f8dc, org.springframework.boot.test.autoconfigure.web.servlet.MockMvcPrintOnlyOnFailureTestExecutionListener@2f2bf0e2, org.springframework.boot.test.autoconfigure.web.servlet.WebDriverTestExecutionListener@1eba372c, org.springframework.boot.test.autoconfigure.webservices.client.MockWebServiceServerTestExecutionListener@21ec5d87, org.springframework.boot.test.mock.mockito.ResetMocksTestExecutionListener@25f9407e]
2021-06-21 07:53:33,417 INFO com.OnlineSweetMartApplicationTests [main] Starting OnlineSweetMartApplicationTests using Java 15.0.2 on DESKTOP-MDF5G37 with PID 4624 (started by pc in C:\Users\pc\SpringBootDemo\OnlineSweetMart)
2021-06-21 07:53:33,433 INFO com.OnlineSweetMartApplicationTests [main] No active profile set, falling back to default profiles: default
2021-06-21 07:53:33,443 INFO org.hibernate.validator.internal.util.Version [background-preinit] HV000001: Hibernate Validator 6.2.0.Final
2021-06-21 07:53:36,365 INFO org.springframework.data.repository.config.RepositoryConfigurationDelegate [main] Bootstrapping Spring Data JPA repositories in DEFAULT mode.
2021-06-21 07:53:36,961 INFO org.springframework.data.repository.config.RepositoryConfigurationDelegate [main] Finished Spring Data repository scanning in 581 ms. Found 5 JPA repository interfaces.
2021-06-21 07:53:38,195 INFO com.zaxxer.hikari.HikariDataSource [main] HikariPool-1 - Starting...
2021-06-21 07:53:38,694 INFO com.zaxxer.hikari.HikariDataSource [main] HikariPool-1 - Start completed.
2021-06-21 07:53:39,399 INFO org.hibernate.jpa.internal.util.LogHelper [main] HHH000204: Processing PersistenceUnitInfo [name: default]
2021-06-21 07:53:39,628 INFO org.hibernate.Version [main] HHH000412: Hibernate ORM core version 5.4.32.Final
2021-06-21 07:53:40,033 INFO org.hibernate.annotations.common.Version [main] HCANN000001: Hibernate Commons Annotations {5.1.2.Final}
2021-06-21 07:53:40,331 INFO org.hibernate.dialect.Dialect [main] HHH000400: Using dialect: org.hibernate.dialect.PostgreSQL10Dialect
2021-06-21 07:53:42,489 INFO org.hibernate.engine.transaction.jta.platform.internal.JtaPlatformInitiator [main] HHH000490: Using JtaPlatform implementation: [org.hibernate.engine.transaction.jta.platform.internal.NoJtaPlatform]
2021-06-21 07:53:42,511 INFO org.springframework.orm.jpa.LocalContainerEntityManagerFactoryBean [main] Initialized JPA EntityManagerFactory for persistence unit 'default'
2021-06-21 07:53:44,362 WARN org.springframework.boot.autoconfigure.orm.jpa.JpaBaseConfiguration$JpaWebConfiguration [main] spring.jpa.open-in-view is enabled by default. Therefore, database queries may be performed during view rendering. Explicitly configure spring.jpa.open-in-view to disable this warning
2021-06-21 07:53:48,034 INFO com.OnlineSweetMartApplicationTests [main] Started OnlineSweetMartApplicationTests in 15.08 seconds (JVM running for 18.544)
2021-06-21 07:53:48,968 INFO com.cg.osm.service.ProductServiceImpl [main] Product showAllProducts()
2021-06-21 07:53:49,007 INFO com.cg.osm.service.ProductServiceImpl [main] Product findByProductId()
2021-06-21 07:53:49,016 INFO com.cg.osm.service.ProductServiceImpl [main] Product deleteProduct()
2021-06-21 07:53:49,036 INFO com.cg.osm.service.ProductServiceImpl [main] Product findByProductId()
2021-06-21 07:53:49,039 INFO com.cg.osm.service.ProductServiceImpl [main] Product updateProduct()
2021-06-21 07:53:49,045 INFO com.cg.osm.service.ProductServiceImpl [main] Product deleteProduct()
2021-06-21 07:53:49,048 INFO com.cg.osm.service.ProductServiceImpl [main] Product showAllProducts()
2021-06-21 07:53:49,051 INFO com.cg.osm.service.ProductServiceImpl [main] Product findByCategoryId()
2021-06-21 07:53:49,057 INFO com.cg.osm.service.ProductServiceImpl [main] Product findByCategoryId()
2021-06-21 07:53:49,315 INFO com.cg.osm.service.CustomerServiceImpl [main] Customer findCustomerById()
2021-06-21 07:53:49,371 INFO com.cg.osm.service.CustomerServiceImpl [main] Customer updateCustomer()
2021-06-21 07:53:49,381 INFO com.cg.osm.service.CustomerServiceImpl [main] Customer showAllCustomers()
2021-06-21 07:53:49,402 INFO com.cg.osm.service.CustomerServiceImpl [main] Customer findCustomerByName()
2021-06-21 07:53:49,407 INFO com.cg.osm.service.CustomerServiceImpl [main] Customer findCustomerById()
2021-06-21 07:53:49,417 INFO com.cg.osm.service.CustomerServiceImpl [main] Customer showAllCustomers()
2021-06-21 07:53:49,425 INFO com.cg.osm.service.CustomerServiceImpl [main] Customer findCustomerByName()
2021-06-21 07:53:49,432 INFO com.cg.osm.service.CustomerServiceImpl [main] Customer deleteCustomer()
2021-06-21 07:53:49,450 INFO com.cg.osm.service.CustomerServiceImpl [main] Customer deleteCustomer()
2021-06-21 07:53:49,461 INFO org.springframework.boot.test.context.SpringBootTestContextBootstrapper [main] Neither @ContextConfiguration nor @ContextHierarchy found for test class [com.cg.osm.service.LoginServiceTest], using SpringBootContextLoader
2021-06-21 07:53:49,464 INFO org.springframework.test.context.support.AbstractContextLoader [main] Could not detect default resource locations for test class [com.cg.osm.service.LoginServiceTest]: no resource found for suffixes {-context.xml, Context.groovy}.
2021-06-21 07:53:49,464 INFO org.springframework.test.context.support.AnnotationConfigContextLoaderUtils [main] Could not detect default configuration classes for test class [com.cg.osm.service.LoginServiceTest]: LoginServiceTest does not declare any static, non-private, non-final, nested classes annotated with @Configuration.
2021-06-21 07:53:49,551 INFO org.springframework.boot.test.context.SpringBootTestContextBootstrapper [main] Found @SpringBootConfiguration com.OnlineSweetMartApplication for test class com.cg.osm.service.LoginServiceTest
2021-06-21 07:53:49,554 INFO org.springframework.boot.test.context.SpringBootTestContextBootstrapper [main] Loaded default TestExecutionListener class names from location [META-INF/spring.factories]: [org.springframework.boot.test.autoconfigure.restdocs.RestDocsTestExecutionListener, org.springframework.boot.test.autoconfigure.web.client.MockRestServiceServerResetTestExecutionListener, org.springframework.boot.test.autoconfigure.web.servlet.MockMvcPrintOnlyOnFailureTestExecutionListener, org.springframework.boot.test.autoconfigure.web.servlet.WebDriverTestExecutionListener, org.springframework.boot.test.autoconfigure.webservices.client.MockWebServiceServerTestExecutionListener, org.springframework.boot.test.mock.mockito.MockitoTestExecutionListener, org.springframework.boot.test.mock.mockito.ResetMocksTestExecutionListener, org.springframework.test.context.web.ServletTestExecutionListener, org.springframework.test.context.support.DirtiesContextBeforeModesTestExecutionListener, org.springframework.test.context.event.ApplicationEventsTestExecutionListener, org.springframework.test.context.support.DependencyInjectionTestExecutionListener, org.springframework.test.context.support.DirtiesContextTestExecutionListener, org.springframework.test.context.transaction.TransactionalTestExecutionListener, org.springframework.test.context.jdbc.SqlScriptsTestExecutionListener, org.springframework.test.context.event.EventPublishingTestExecutionListener]
2021-06-21 07:53:49,555 INFO org.springframework.boot.test.context.SpringBootTestContextBootstrapper [main] Using TestExecutionListeners: [org.springframework.test.context.web.ServletTestExecutionListener@2ac58d, org.springframework.test.context.support.DirtiesContextBeforeModesTestExecutionListener@2c29342a, org.springframework.test.context.event.ApplicationEventsTestExecutionListener@4af2f991, org.springframework.boot.test.mock.mockito.MockitoTestExecutionListener@4b5d2a4c, org.springframework.boot.test.autoconfigure.SpringBootDependencyInjectionTestExecutionListener@1d8d9807, org.springframework.test.context.support.DirtiesContextTestExecutionListener@78e077f8, org.springframework.test.context.transaction.TransactionalTestExecutionListener@25832704, org.springframework.test.context.jdbc.SqlScriptsTestExecutionListener@7ae76b2, org.springframework.test.context.event.EventPublishingTestExecutionListener@76928be0, org.springframework.boot.test.autoconfigure.restdocs.RestDocsTestExecutionListener@d367d7d, org.springframework.boot.test.autoconfigure.web.client.MockRestServiceServerResetTestExecutionListener@3131c0d8, org.springframework.boot.test.autoconfigure.web.servlet.MockMvcPrintOnlyOnFailureTestExecutionListener@45de2baa, org.springframework.boot.test.autoconfigure.web.servlet.WebDriverTestExecutionListener@2771657a, org.springframework.boot.test.autoconfigure.webservices.client.MockWebServiceServerTestExecutionListener@1912297c, org.springframework.boot.test.mock.mockito.ResetMocksTestExecutionListener@261a0d86]
2021-06-21 07:53:49,650 INFO com.cg.osm.service.LoginServiceImpl [main] User validateUser()
2021-06-21 07:53:49,667 INFO com.cg.osm.service.LoginServiceImpl [main] User addUser()
2021-06-21 07:53:49,691 INFO com.cg.osm.service.LoginServiceImpl [main] Customer showAllCustomers()
2021-06-21 07:53:49,711 INFO com.cg.osm.service.CategoryServiceImpl [main] Category showAllCategories()
2021-06-21 07:53:49,715 INFO com.cg.osm.service.CategoryServiceImpl [main] Category addCategory()
2021-06-21 07:53:49,719 INFO com.cg.osm.service.CategoryServiceImpl [main] Category deleteCategoryById()
2021-06-21 07:53:49,723 INFO com.cg.osm.service.CategoryServiceImpl [main] Category deleteCategoryById()
2021-06-21 07:53:49,728 INFO com.cg.osm.service.CategoryServiceImpl [main] Category showAllCategories()
2021-06-21 07:53:49,734 INFO com.cg.osm.service.CategoryServiceImpl [main] Category updateCategory()
2021-06-21 07:53:49,739 INFO com.cg.osm.service.CategoryServiceImpl [main] Category getCategoryById()
2021-06-21 07:53:49,744 INFO com.cg.osm.service.CategoryServiceImpl [main] Category getCategoryById()
2021-06-21 07:53:49,860 INFO com.cg.osm.service.SweetOrderServiceImpl [main] SweetOrder cancelSweetOrder()
2021-06-21 07:53:49,871 INFO com.cg.osm.service.SweetOrderServiceImpl [main] SweetOrder cancelSweetOrder()
2021-06-21 07:53:49,877 INFO com.cg.osm.service.SweetOrderServiceImpl [main] SweetOrder findOrderById()
2021-06-21 07:53:49,881 INFO com.cg.osm.service.SweetOrderServiceImpl [main] SweetOrder findOrdersByCustomerId()
2021-06-21 07:53:49,890 INFO com.cg.osm.service.SweetOrderServiceImpl [main] SweetOrder findOrdersByCustomerId()
2021-06-21 07:53:49,893 INFO com.cg.osm.service.SweetOrderServiceImpl [main] SweetOrder ShowAllSweetOrder()
2021-06-21 07:53:49,897 INFO com.cg.osm.service.SweetOrderServiceImpl [main] SweetOrder findOrderById()
2021-06-21 07:53:49,900 INFO com.cg.osm.service.SweetOrderServiceImpl [main] SweetOrder ShowAllSweetOrder()
2021-06-21 07:53:49,915 INFO org.springframework.boot.test.autoconfigure.web.servlet.WebMvcTestContextBootstrapper [main] Neither @ContextConfiguration nor @ContextHierarchy found for test class [com.cg.osm.controller.ProductControllerTest], using SpringBootContextLoader
2021-06-21 07:53:49,922 INFO org.springframework.test.context.support.AbstractContextLoader [main] Could not detect default resource locations for test class [com.cg.osm.controller.ProductControllerTest]: no resource found for suffixes {-context.xml, Context.groovy}.
2021-06-21 07:53:49,922 INFO org.springframework.test.context.support.AnnotationConfigContextLoaderUtils [main] Could not detect default configuration classes for test class [com.cg.osm.controller.ProductControllerTest]: ProductControllerTest does not declare any static, non-private, non-final, nested classes annotated with @Configuration.
2021-06-21 07:53:50,012 INFO org.springframework.boot.test.context.SpringBootTestContextBootstrapper [main] Found @SpringBootConfiguration com.OnlineSweetMartApplication for test class com.cg.osm.controller.ProductControllerTest
2021-06-21 07:53:50,013 INFO org.springframework.boot.test.autoconfigure.web.servlet.WebMvcTestContextBootstrapper [main] Loaded default TestExecutionListener class names from location [META-INF/spring.factories]: [org.springframework.boot.test.autoconfigure.restdocs.RestDocsTestExecutionListener, org.springframework.boot.test.autoconfigure.web.client.MockRestServiceServerResetTestExecutionListener, org.springframework.boot.test.autoconfigure.web.servlet.MockMvcPrintOnlyOnFailureTestExecutionListener, org.springframework.boot.test.autoconfigure.web.servlet.WebDriverTestExecutionListener, org.springframework.boot.test.autoconfigure.webservices.client.MockWebServiceServerTestExecutionListener, org.springframework.boot.test.mock.mockito.MockitoTestExecutionListener, org.springframework.boot.test.mock.mockito.ResetMocksTestExecutionListener, org.springframework.test.context.web.ServletTestExecutionListener, org.springframework.test.context.support.DirtiesContextBeforeModesTestExecutionListener, org.springframework.test.context.event.ApplicationEventsTestExecutionListener, org.springframework.test.context.support.DependencyInjectionTestExecutionListener, org.springframework.test.context.support.DirtiesContextTestExecutionListener, org.springframework.test.context.transaction.TransactionalTestExecutionListener, org.springframework.test.context.jdbc.SqlScriptsTestExecutionListener, org.springframework.test.context.event.EventPublishingTestExecutionListener]
2021-06-21 07:53:50,014 INFO org.springframework.boot.test.autoconfigure.web.servlet.WebMvcTestContextBootstrapper [main] Using TestExecutionListeners: [org.springframework.test.context.web.ServletTestExecutionListener@74f782a5, org.springframework.test.context.support.DirtiesContextBeforeModesTestExecutionListener@3f608bde, org.springframework.test.context.event.ApplicationEventsTestExecutionListener@49c3f97e, org.springframework.boot.test.mock.mockito.MockitoTestExecutionListener@36152513, org.springframework.boot.test.autoconfigure.SpringBootDependencyInjectionTestExecutionListener@7e3f7bde, org.springframework.test.context.support.DirtiesContextTestExecutionListener@45ba31bc, org.springframework.test.context.transaction.TransactionalTestExecutionListener@13e4287c, org.springframework.test.context.jdbc.SqlScriptsTestExecutionListener@cc6baae, org.springframework.test.context.event.EventPublishingTestExecutionListener@9a2c163, org.springframework.boot.test.autoconfigure.restdocs.RestDocsTestExecutionListener@1d81263a, org.springframework.boot.test.autoconfigure.web.client.MockRestServiceServerResetTestExecutionListener@2f944a3e, org.springframework.boot.test.autoconfigure.web.servlet.MockMvcPrintOnlyOnFailureTestExecutionListener@163e86a8, org.springframework.boot.test.autoconfigure.web.servlet.WebDriverTestExecutionListener@988f4d5, org.springframework.boot.test.autoconfigure.webservices.client.MockWebServiceServerTestExecutionListener@1d2cb328, org.springframework.boot.test.mock.mockito.ResetMocksTestExecutionListener@10e4cf09]
2021-06-21 07:53:50,061 INFO com.cg.osm.controller.ProductControllerTest [main] Starting ProductControllerTest using Java 15.0.2 on DESKTOP-MDF5G37 with PID 4624 (started by pc in C:\Users\pc\SpringBootDemo\OnlineSweetMart)
2021-06-21 07:53:50,062 INFO com.cg.osm.controller.ProductControllerTest [main] No active profile set, falling back to default profiles: default
2021-06-21 07:53:52,707 INFO org.springframework.boot.test.mock.web.SpringBootMockServletContext [main] Initializing Spring TestDispatcherServlet ''
2021-06-21 07:53:52,707 INFO org.springframework.test.web.servlet.TestDispatcherServlet [main] Initializing Servlet ''
2021-06-21 07:53:52,710 INFO org.springframework.test.web.servlet.TestDispatcherServlet [main] Completed initialization in 2 ms
2021-06-21 07:53:52,843 INFO com.cg.osm.controller.ProductControllerTest [main] Started ProductControllerTest in 2.826 seconds (JVM running for 23.352)
2021-06-21 07:53:53,167 INFO com.cg.osm.controller.ProductController [main] Product addProduct()
2021-06-21 07:53:53,175 INFO CustomResponseEntityExceptionHandler [main] Inside ResponseEntityExceptionHandler() of CategoryNotFoundException
2021-06-21 07:53:53,273 INFO com.cg.osm.controller.ProductController [main] Product getProductById()
2021-06-21 07:53:53,318 INFO com.cg.osm.controller.ProductController [main] Product deleteProduct()
2021-06-21 07:53:53,336 INFO com.cg.osm.controller.ProductController [main] Product updateProduct()
2021-06-21 07:53:53,339 INFO CustomResponseEntityExceptionHandler [main] Inside ResponseEntityExceptionHandler() of ProductNotFoundException
2021-06-21 07:53:53,354 INFO com.cg.osm.controller.ProductController [main] Product deleteProduct()
2021-06-21 07:53:53,355 INFO CustomResponseEntityExceptionHandler [main] Inside ResponseEntityExceptionHandler() of ProductNotFoundException
2021-06-21 07:53:53,374 INFO CustomResponseEntityExceptionHandler [main] Inside ResponseEntityExceptionHandler() of ProductNotFoundException
2021-06-21 07:53:53,391 INFO com.cg.osm.controller.ProductController [main] Product showProducts()
2021-06-21 07:53:53,404 INFO com.cg.osm.controller.ProductController [main] Product addProduct()
2021-06-21 07:53:53,419 INFO com.cg.osm.controller.ProductController [main] Product showProductsOnCategory()
2021-06-21 07:53:53,454 INFO com.cg.osm.controller.ProductController [main] Product showProductsOnCategory()
2021-06-21 07:53:53,456 INFO CustomResponseEntityExceptionHandler [main] Inside ResponseEntityExceptionHandler() of CategoryNotFoundException
2021-06-21 07:53:53,473 INFO com.cg.osm.controller.ProductController [main] Product updateProduct()
2021-06-21 07:53:53,489 INFO com.cg.osm.controller.ProductController [main] Product showProducts()
2021-06-21 07:53:53,491 INFO CustomResponseEntityExceptionHandler [main] Inside ResponseEntityExceptionHandler() of ProductNotFoundException
2021-06-21 07:53:53,500 INFO org.springframework.boot.test.autoconfigure.web.servlet.WebMvcTestContextBootstrapper [main] Neither @ContextConfiguration nor @ContextHierarchy found for test class [com.cg.osm.controller.SweetControllerTest], using SpringBootContextLoader
2021-06-21 07:53:53,501 INFO org.springframework.test.context.support.AbstractContextLoader [main] Could not detect default resource locations for test class [com.cg.osm.controller.SweetControllerTest]: no resource found for suffixes {-context.xml, Context.groovy}.
2021-06-21 07:53:53,502 INFO org.springframework.test.context.support.AnnotationConfigContextLoaderUtils [main] Could not detect default configuration classes for test class [com.cg.osm.controller.SweetControllerTest]: SweetControllerTest does not declare any static, non-private, non-final, nested classes annotated with @Configuration.
2021-06-21 07:53:53,506 INFO org.springframework.boot.test.context.SpringBootTestContextBootstrapper [main] Found @SpringBootConfiguration com.OnlineSweetMartApplication for test class com.cg.osm.controller.SweetControllerTest
2021-06-21 07:53:53,507 INFO org.springframework.boot.test.autoconfigure.web.servlet.WebMvcTestContextBootstrapper [main] Loaded default TestExecutionListener class names from location [META-INF/spring.factories]: [org.springframework.boot.test.autoconfigure.restdocs.RestDocsTestExecutionListener, org.springframework.boot.test.autoconfigure.web.client.MockRestServiceServerResetTestExecutionListener, org.springframework.boot.test.autoconfigure.web.servlet.MockMvcPrintOnlyOnFailureTestExecutionListener, org.springframework.boot.test.autoconfigure.web.servlet.WebDriverTestExecutionListener, org.springframework.boot.test.autoconfigure.webservices.client.MockWebServiceServerTestExecutionListener, org.springframework.boot.test.mock.mockito.MockitoTestExecutionListener, org.springframework.boot.test.mock.mockito.ResetMocksTestExecutionListener, org.springframework.test.context.web.ServletTestExecutionListener, org.springframework.test.context.support.DirtiesContextBeforeModesTestExecutionListener, org.springframework.test.context.event.ApplicationEventsTestExecutionListener, org.springframework.test.context.support.DependencyInjectionTestExecutionListener, org.springframework.test.context.support.DirtiesContextTestExecutionListener, org.springframework.test.context.transaction.TransactionalTestExecutionListener, org.springframework.test.context.jdbc.SqlScriptsTestExecutionListener, org.springframework.test.context.event.EventPublishingTestExecutionListener]
2021-06-21 07:53:53,508 INFO org.springframework.boot.test.autoconfigure.web.servlet.WebMvcTestContextBootstrapper [main] Using TestExecutionListeners: [org.springframework.test.context.web.ServletTestExecutionListener@4c839d3d, org.springframework.test.context.support.DirtiesContextBeforeModesTestExecutionListener@365e2ef6, org.springframework.test.context.event.ApplicationEventsTestExecutionListener@77f965a0, org.springframework.boot.test.mock.mockito.MockitoTestExecutionListener@5d064bf, org.springframework.boot.test.autoconfigure.SpringBootDependencyInjectionTestExecutionListener@55ea7b4d, org.springframework.test.context.support.DirtiesContextTestExecutionListener@1284c698, org.springframework.test.context.transaction.TransactionalTestExecutionListener@2e6c750d, org.springframework.test.context.jdbc.SqlScriptsTestExecutionListener@281f19e3, org.springframework.test.context.event.EventPublishingTestExecutionListener@2e292fbe, org.springframework.boot.test.autoconfigure.restdocs.RestDocsTestExecutionListener@1aad8ce5, org.springframework.boot.test.autoconfigure.web.client.MockRestServiceServerResetTestExecutionListener@572446a0, org.springframework.boot.test.autoconfigure.web.servlet.MockMvcPrintOnlyOnFailureTestExecutionListener@7a48da6, org.springframework.boot.test.autoconfigure.web.servlet.WebDriverTestExecutionListener@60171633, org.springframework.boot.test.autoconfigure.webservices.client.MockWebServiceServerTestExecutionListener@162b7470, org.springframework.boot.test.mock.mockito.ResetMocksTestExecutionListener@63cf3153]
2021-06-21 07:53:53,634 INFO com.cg.osm.controller.SweetControllerTest [main] Starting SweetControllerTest using Java 15.0.2 on DESKTOP-MDF5G37 with PID 4624 (started by pc in C:\Users\pc\SpringBootDemo\OnlineSweetMart)
2021-06-21 07:53:53,637 INFO com.cg.osm.controller.SweetControllerTest [main] No active profile set, falling back to default profiles: default
2021-06-21 07:53:56,012 INFO org.springframework.boot.test.mock.web.SpringBootMockServletContext [main] Initializing Spring TestDispatcherServlet ''
2021-06-21 07:53:56,012 INFO org.springframework.test.web.servlet.TestDispatcherServlet [main] Initializing Servlet ''
2021-06-21 07:53:56,013 INFO org.springframework.test.web.servlet.TestDispatcherServlet [main] Completed initialization in 1 ms
2021-06-21 07:53:56,122 INFO com.cg.osm.controller.SweetControllerTest [main] Started SweetControllerTest in 2.611 seconds (JVM running for 26.631)
2021-06-21 07:53:56,133 INFO com.cg.osm.controller.SweetController [main] SweetOrder retreiveAllSweet()
2021-06-21 07:53:56,151 INFO com.cg.osm.controller.SweetController [main] SweetOrder cancelSweetOrder()
2021-06-21 07:53:56,163 INFO com.cg.osm.controller.SweetController [main] SweetOrder findOrderBySweetOrderId()
2021-06-21 07:53:56,174 INFO com.cg.osm.controller.SweetController [main] SweetOrder findOrdersByCustomerId()
2021-06-21 07:53:56,187 INFO CustomResponseEntityExceptionHandler [main] Inside handleSweetOrderNotFoundException() 
2021-06-21 07:53:56,250 INFO com.cg.osm.controller.SweetController [main] SweetOrder addSweetOrder()
2021-06-21 07:53:56,273 INFO com.cg.osm.controller.SweetController [main] SweetOrder cancelSweetOrder()
2021-06-21 07:53:56,275 INFO CustomResponseEntityExceptionHandler [main] Inside handleSweetOrderNotFoundException() 
2021-06-21 07:53:56,309 INFO com.cg.osm.controller.SweetController [main] SweetOrder findOrdersByCustomerId()
2021-06-21 07:53:56,312 INFO CustomResponseEntityExceptionHandler [main] Inside ResponseEntityExceptionHandler() of CustomerNotFoundException
2021-06-21 07:53:56,329 INFO com.cg.osm.controller.SweetController [main] SweetOrder retreiveAllSweet()
2021-06-21 07:53:56,331 INFO CustomResponseEntityExceptionHandler [main] Inside handleSweetOrderNotFoundException() 
2021-06-21 07:53:56,339 INFO org.springframework.boot.test.autoconfigure.web.servlet.WebMvcTestContextBootstrapper [main] Neither @ContextConfiguration nor @ContextHierarchy found for test class [com.cg.osm.controller.CategoryControllerTest], using SpringBootContextLoader
2021-06-21 07:53:56,341 INFO org.springframework.test.context.support.AbstractContextLoader [main] Could not detect default resource locations for test class [com.cg.osm.controller.CategoryControllerTest]: no resource found for suffixes {-context.xml, Context.groovy}.
2021-06-21 07:53:56,341 INFO org.springframework.test.context.support.AnnotationConfigContextLoaderUtils [main] Could not detect default configuration classes for test class [com.cg.osm.controller.CategoryControllerTest]: CategoryControllerTest does not declare any static, non-private, non-final, nested classes annotated with @Configuration.
2021-06-21 07:53:56,345 INFO org.springframework.boot.test.context.SpringBootTestContextBootstrapper [main] Found @SpringBootConfiguration com.OnlineSweetMartApplication for test class com.cg.osm.controller.CategoryControllerTest
2021-06-21 07:53:56,346 INFO org.springframework.boot.test.autoconfigure.web.servlet.WebMvcTestContextBootstrapper [main] Loaded default TestExecutionListener class names from location [META-INF/spring.factories]: [org.springframework.boot.test.autoconfigure.restdocs.RestDocsTestExecutionListener, org.springframework.boot.test.autoconfigure.web.client.MockRestServiceServerResetTestExecutionListener, org.springframework.boot.test.autoconfigure.web.servlet.MockMvcPrintOnlyOnFailureTestExecutionListener, org.springframework.boot.test.autoconfigure.web.servlet.WebDriverTestExecutionListener, org.springframework.boot.test.autoconfigure.webservices.client.MockWebServiceServerTestExecutionListener, org.springframework.boot.test.mock.mockito.MockitoTestExecutionListener, org.springframework.boot.test.mock.mockito.ResetMocksTestExecutionListener, org.springframework.test.context.web.ServletTestExecutionListener, org.springframework.test.context.support.DirtiesContextBeforeModesTestExecutionListener, org.springframework.test.context.event.ApplicationEventsTestExecutionListener, org.springframework.test.context.support.DependencyInjectionTestExecutionListener, org.springframework.test.context.support.DirtiesContextTestExecutionListener, org.springframework.test.context.transaction.TransactionalTestExecutionListener, org.springframework.test.context.jdbc.SqlScriptsTestExecutionListener, org.springframework.test.context.event.EventPublishingTestExecutionListener]
2021-06-21 07:53:56,347 INFO org.springframework.boot.test.autoconfigure.web.servlet.WebMvcTestContextBootstrapper [main] Using TestExecutionListeners: [org.springframework.test.context.web.ServletTestExecutionListener@53cb68dc, org.springframework.test.context.support.DirtiesContextBeforeModesTestExecutionListener@72fedd85, org.springframework.test.context.event.ApplicationEventsTestExecutionListener@5cd9439a, org.springframework.boot.test.mock.mockito.MockitoTestExecutionListener@164e9564, org.springframework.boot.test.autoconfigure.SpringBootDependencyInjectionTestExecutionListener@1ecb92f9, org.springframework.test.context.support.DirtiesContextTestExecutionListener@1add7650, org.springframework.test.context.transaction.TransactionalTestExecutionListener@c0e2302, org.springframework.test.context.jdbc.SqlScriptsTestExecutionListener@6e897252, org.springframework.test.context.event.EventPublishingTestExecutionListener@2c977920, org.springframework.boot.test.autoconfigure.restdocs.RestDocsTestExecutionListener@5d09e514, org.springframework.boot.test.autoconfigure.web.client.MockRestServiceServerResetTestExecutionListener@2062db84, org.springframework.boot.test.autoconfigure.web.servlet.MockMvcPrintOnlyOnFailureTestExecutionListener@55c3638, org.springframework.boot.test.autoconfigure.web.servlet.WebDriverTestExecutionListener@129501ca, org.springframework.boot.test.autoconfigure.webservices.client.MockWebServiceServerTestExecutionListener@2667c9, org.springframework.boot.test.mock.mockito.ResetMocksTestExecutionListener@362e32b2]
2021-06-21 07:53:56,387 INFO com.cg.osm.controller.CategoryControllerTest [main] Starting CategoryControllerTest using Java 15.0.2 on DESKTOP-MDF5G37 with PID 4624 (started by pc in C:\Users\pc\SpringBootDemo\OnlineSweetMart)
2021-06-21 07:53:56,388 INFO com.cg.osm.controller.CategoryControllerTest [main] No active profile set, falling back to default profiles: default
2021-06-21 07:53:58,709 INFO org.springframework.boot.test.mock.web.SpringBootMockServletContext [main] Initializing Spring TestDispatcherServlet ''
2021-06-21 07:53:58,709 INFO org.springframework.test.web.servlet.TestDispatcherServlet [main] Initializing Servlet ''
2021-06-21 07:53:58,710 INFO org.springframework.test.web.servlet.TestDispatcherServlet [main] Completed initialization in 1 ms
2021-06-21 07:53:58,772 INFO com.cg.osm.controller.CategoryControllerTest [main] Started CategoryControllerTest in 2.421 seconds (JVM running for 29.281)
2021-06-21 07:53:58,793 INFO com.cg.osm.controller.CategoryController [main] Category updateCategory()
2021-06-21 07:53:58,805 INFO com.cg.osm.controller.CategoryController [main] Category updateCategory()
2021-06-21 07:53:58,807 INFO CustomResponseEntityExceptionHandler [main] Inside ResponseEntityExceptionHandler() of CategoryNotFoundException
2021-06-21 07:53:58,824 INFO com.cg.osm.controller.CategoryController [main] Category addCategory()
2021-06-21 07:53:58,835 INFO com.cg.osm.controller.CategoryController [main] Category deleteCategoryById()
2021-06-21 07:53:58,846 INFO CustomResponseEntityExceptionHandler [main] Inside ResponseEntityExceptionHandler() of CategoryNotFoundException
2021-06-21 07:53:58,857 INFO com.cg.osm.controller.CategoryController [main] Category showAllCategories()
2021-06-21 07:53:58,858 INFO CustomResponseEntityExceptionHandler [main] Inside ResponseEntityExceptionHandler() of CategoryNotFoundException
2021-06-21 07:53:58,868 INFO com.cg.osm.controller.CategoryController [main] Category showAllCategories()
2021-06-21 07:53:58,879 INFO com.cg.osm.controller.CategoryController [main] Category getCategoryById()
2021-06-21 07:53:58,903 INFO org.springframework.boot.test.autoconfigure.web.servlet.WebMvcTestContextBootstrapper [main] Neither @ContextConfiguration nor @ContextHierarchy found for test class [com.cg.osm.controller.CustomerControllerTest], using SpringBootContextLoader
2021-06-21 07:53:58,904 INFO org.springframework.test.context.support.AbstractContextLoader [main] Could not detect default resource locations for test class [com.cg.osm.controller.CustomerControllerTest]: no resource found for suffixes {-context.xml, Context.groovy}.
2021-06-21 07:53:58,904 INFO org.springframework.test.context.support.AnnotationConfigContextLoaderUtils [main] Could not detect default configuration classes for test class [com.cg.osm.controller.CustomerControllerTest]: CustomerControllerTest does not declare any static, non-private, non-final, nested classes annotated with @Configuration.
2021-06-21 07:53:58,909 INFO org.springframework.boot.test.context.SpringBootTestContextBootstrapper [main] Found @SpringBootConfiguration com.OnlineSweetMartApplication for test class com.cg.osm.controller.CustomerControllerTest
2021-06-21 07:53:58,910 INFO org.springframework.boot.test.autoconfigure.web.servlet.WebMvcTestContextBootstrapper [main] Loaded default TestExecutionListener class names from location [META-INF/spring.factories]: [org.springframework.boot.test.autoconfigure.restdocs.RestDocsTestExecutionListener, org.springframework.boot.test.autoconfigure.web.client.MockRestServiceServerResetTestExecutionListener, org.springframework.boot.test.autoconfigure.web.servlet.MockMvcPrintOnlyOnFailureTestExecutionListener, org.springframework.boot.test.autoconfigure.web.servlet.WebDriverTestExecutionListener, org.springframework.boot.test.autoconfigure.webservices.client.MockWebServiceServerTestExecutionListener, org.springframework.boot.test.mock.mockito.MockitoTestExecutionListener, org.springframework.boot.test.mock.mockito.ResetMocksTestExecutionListener, org.springframework.test.context.web.ServletTestExecutionListener, org.springframework.test.context.support.DirtiesContextBeforeModesTestExecutionListener, org.springframework.test.context.event.ApplicationEventsTestExecutionListener, org.springframework.test.context.support.DependencyInjectionTestExecutionListener, org.springframework.test.context.support.DirtiesContextTestExecutionListener, org.springframework.test.context.transaction.TransactionalTestExecutionListener, org.springframework.test.context.jdbc.SqlScriptsTestExecutionListener, org.springframework.test.context.event.EventPublishingTestExecutionListener]
2021-06-21 07:53:58,910 INFO org.springframework.boot.test.autoconfigure.web.servlet.WebMvcTestContextBootstrapper [main] Using TestExecutionListeners: [org.springframework.test.context.web.ServletTestExecutionListener@a70b31, org.springframework.test.context.support.DirtiesContextBeforeModesTestExecutionListener@604e975, org.springframework.test.context.event.ApplicationEventsTestExecutionListener@386c31ea, org.springframework.boot.test.mock.mockito.MockitoTestExecutionListener@488924ea, org.springframework.boot.test.autoconfigure.SpringBootDependencyInjectionTestExecutionListener@704f5049, org.springframework.test.context.support.DirtiesContextTestExecutionListener@51a15074, org.springframework.test.context.transaction.TransactionalTestExecutionListener@89bc8cb, org.springframework.test.context.jdbc.SqlScriptsTestExecutionListener@9341346, org.springframework.test.context.event.EventPublishingTestExecutionListener@3f3c731, org.springframework.boot.test.autoconfigure.restdocs.RestDocsTestExecutionListener@580a15cb, org.springframework.boot.test.autoconfigure.web.client.MockRestServiceServerResetTestExecutionListener@e014391, org.springframework.boot.test.autoconfigure.web.servlet.MockMvcPrintOnlyOnFailureTestExecutionListener@2706cf34, org.springframework.boot.test.autoconfigure.web.servlet.WebDriverTestExecutionListener@3a515eaa, org.springframework.boot.test.autoconfigure.webservices.client.MockWebServiceServerTestExecutionListener@327db066, org.springframework.boot.test.mock.mockito.ResetMocksTestExecutionListener@36647073]
2021-06-21 07:53:58,983 INFO com.cg.osm.controller.CustomerControllerTest [main] Starting CustomerControllerTest using Java 15.0.2 on DESKTOP-MDF5G37 with PID 4624 (started by pc in C:\Users\pc\SpringBootDemo\OnlineSweetMart)
2021-06-21 07:53:58,984 INFO com.cg.osm.controller.CustomerControllerTest [main] No active profile set, falling back to default profiles: default
2021-06-21 07:54:00,990 INFO org.springframework.boot.test.mock.web.SpringBootMockServletContext [main] Initializing Spring TestDispatcherServlet ''
2021-06-21 07:54:00,990 INFO org.springframework.test.web.servlet.TestDispatcherServlet [main] Initializing Servlet ''
2021-06-21 07:54:00,992 INFO org.springframework.test.web.servlet.TestDispatcherServlet [main] Completed initialization in 2 ms
2021-06-21 07:54:01,118 INFO com.cg.osm.controller.CustomerControllerTest [main] Started CustomerControllerTest in 2.199 seconds (JVM running for 31.627)
2021-06-21 07:54:01,131 INFO com.cg.osm.controller.CustomerController [main] Customer findCustomerById()
2021-06-21 07:54:01,153 INFO com.cg.osm.controller.CustomerController [main] Customer showAllCustomers()
2021-06-21 07:54:01,168 INFO CustomResponseEntityExceptionHandler [main] Inside ResponseEntityExceptionHandler() of CustomerNotFoundException
2021-06-21 07:54:01,183 INFO CustomResponseEntityExceptionHandler [main] Inside ResponseEntityExceptionHandler() of CustomerNotFoundException
2021-06-21 07:54:01,283 INFO com.cg.osm.controller.CustomerController [main] Customer findCustomerByName()
2021-06-21 07:54:01,300 INFO com.cg.osm.controller.CustomerController [main] Customer deleteCustomer()
2021-06-21 07:54:01,346 INFO com.cg.osm.controller.CustomerController [main] Customer showAllCustomers()
2021-06-21 07:54:01,347 INFO CustomResponseEntityExceptionHandler [main] Inside ResponseEntityExceptionHandler() of CustomerNotFoundException
2021-06-21 07:54:01,403 INFO com.cg.osm.controller.CustomerController [main] Customer deleteCustomer()
2021-06-21 07:54:01,411 INFO CustomResponseEntityExceptionHandler [main] Inside ResponseEntityExceptionHandler() of CustomerNotFoundException
2021-06-21 07:54:01,518 INFO org.springframework.orm.jpa.LocalContainerEntityManagerFactoryBean [SpringApplicationShutdownHook] Closing JPA EntityManagerFactory for persistence unit 'default'
2021-06-21 07:54:01,545 INFO com.zaxxer.hikari.HikariDataSource [SpringApplicationShutdownHook] HikariPool-1 - Shutdown initiated...
2021-06-21 07:54:01,557 INFO com.zaxxer.hikari.HikariDataSource [SpringApplicationShutdownHook] HikariPool-1 - Shutdown completed.
2021-06-21 07:56:16,718 INFO org.springframework.boot.test.context.SpringBootTestContextBootstrapper [main] Neither @ContextConfiguration nor @ContextHierarchy found for test class [com.OnlineSweetMartApplicationTests], using SpringBootContextLoader
2021-06-21 07:56:16,730 INFO org.springframework.test.context.support.AbstractContextLoader [main] Could not detect default resource locations for test class [com.OnlineSweetMartApplicationTests]: no resource found for suffixes {-context.xml, Context.groovy}.
2021-06-21 07:56:16,731 INFO org.springframework.test.context.support.AnnotationConfigContextLoaderUtils [main] Could not detect default configuration classes for test class [com.OnlineSweetMartApplicationTests]: OnlineSweetMartApplicationTests does not declare any static, non-private, non-final, nested classes annotated with @Configuration.
2021-06-21 07:56:17,052 INFO org.springframework.boot.test.context.SpringBootTestContextBootstrapper [main] Found @SpringBootConfiguration com.OnlineSweetMartApplication for test class com.OnlineSweetMartApplicationTests
2021-06-21 07:56:17,224 INFO org.springframework.boot.test.context.SpringBootTestContextBootstrapper [main] Loaded default TestExecutionListener class names from location [META-INF/spring.factories]: [org.springframework.boot.test.autoconfigure.restdocs.RestDocsTestExecutionListener, org.springframework.boot.test.autoconfigure.web.client.MockRestServiceServerResetTestExecutionListener, org.springframework.boot.test.autoconfigure.web.servlet.MockMvcPrintOnlyOnFailureTestExecutionListener, org.springframework.boot.test.autoconfigure.web.servlet.WebDriverTestExecutionListener, org.springframework.boot.test.autoconfigure.webservices.client.MockWebServiceServerTestExecutionListener, org.springframework.boot.test.mock.mockito.MockitoTestExecutionListener, org.springframework.boot.test.mock.mockito.ResetMocksTestExecutionListener, org.springframework.test.context.web.ServletTestExecutionListener, org.springframework.test.context.support.DirtiesContextBeforeModesTestExecutionListener, org.springframework.test.context.event.ApplicationEventsTestExecutionListener, org.springframework.test.context.support.DependencyInjectionTestExecutionListener, org.springframework.test.context.support.DirtiesContextTestExecutionListener, org.springframework.test.context.transaction.TransactionalTestExecutionListener, org.springframework.test.context.jdbc.SqlScriptsTestExecutionListener, org.springframework.test.context.event.EventPublishingTestExecutionListener]
2021-06-21 07:56:17,251 INFO org.springframework.boot.test.context.SpringBootTestContextBootstrapper [main] Using TestExecutionListeners: [org.springframework.test.context.web.ServletTestExecutionListener@2a2da905, org.springframework.test.context.support.DirtiesContextBeforeModesTestExecutionListener@24f360b2, org.springframework.test.context.event.ApplicationEventsTestExecutionListener@60cf80e7, org.springframework.boot.test.mock.mockito.MockitoTestExecutionListener@302fec27, org.springframework.boot.test.autoconfigure.SpringBootDependencyInjectionTestExecutionListener@770d0ea6, org.springframework.test.context.support.DirtiesContextTestExecutionListener@48c40605, org.springframework.test.context.transaction.TransactionalTestExecutionListener@54107f42, org.springframework.test.context.jdbc.SqlScriptsTestExecutionListener@1b11ef33, org.springframework.test.context.event.EventPublishingTestExecutionListener@476aac9, org.springframework.boot.test.autoconfigure.restdocs.RestDocsTestExecutionListener@6cea706c, org.springframework.boot.test.autoconfigure.web.client.MockRestServiceServerResetTestExecutionListener@3bd7f8dc, org.springframework.boot.test.autoconfigure.web.servlet.MockMvcPrintOnlyOnFailureTestExecutionListener@2f2bf0e2, org.springframework.boot.test.autoconfigure.web.servlet.WebDriverTestExecutionListener@1eba372c, org.springframework.boot.test.autoconfigure.webservices.client.MockWebServiceServerTestExecutionListener@21ec5d87, org.springframework.boot.test.mock.mockito.ResetMocksTestExecutionListener@25f9407e]
2021-06-21 07:56:17,760 INFO org.hibernate.validator.internal.util.Version [background-preinit] HV000001: Hibernate Validator 6.2.0.Final
2021-06-21 07:56:17,782 INFO com.OnlineSweetMartApplicationTests [main] Starting OnlineSweetMartApplicationTests using Java 15.0.2 on DESKTOP-MDF5G37 with PID 812 (started by pc in C:\Users\pc\SpringBootDemo\OnlineSweetMart)
2021-06-21 07:56:17,785 INFO com.OnlineSweetMartApplicationTests [main] No active profile set, falling back to default profiles: default
2021-06-21 07:56:20,849 INFO org.springframework.data.repository.config.RepositoryConfigurationDelegate [main] Bootstrapping Spring Data JPA repositories in DEFAULT mode.
2021-06-21 07:56:21,449 INFO org.springframework.data.repository.config.RepositoryConfigurationDelegate [main] Finished Spring Data repository scanning in 582 ms. Found 5 JPA repository interfaces.
2021-06-21 07:56:22,671 INFO com.zaxxer.hikari.HikariDataSource [main] HikariPool-1 - Starting...
2021-06-21 07:56:23,117 INFO com.zaxxer.hikari.HikariDataSource [main] HikariPool-1 - Start completed.
2021-06-21 07:56:23,704 INFO org.hibernate.jpa.internal.util.LogHelper [main] HHH000204: Processing PersistenceUnitInfo [name: default]
2021-06-21 07:56:23,815 INFO org.hibernate.Version [main] HHH000412: Hibernate ORM core version 5.4.32.Final
2021-06-21 07:56:24,178 INFO org.hibernate.annotations.common.Version [main] HCANN000001: Hibernate Commons Annotations {5.1.2.Final}
2021-06-21 07:56:24,502 INFO org.hibernate.dialect.Dialect [main] HHH000400: Using dialect: org.hibernate.dialect.PostgreSQL10Dialect
2021-06-21 07:56:26,609 INFO org.hibernate.engine.transaction.jta.platform.internal.JtaPlatformInitiator [main] HHH000490: Using JtaPlatform implementation: [org.hibernate.engine.transaction.jta.platform.internal.NoJtaPlatform]
2021-06-21 07:56:26,621 INFO org.springframework.orm.jpa.LocalContainerEntityManagerFactoryBean [main] Initialized JPA EntityManagerFactory for persistence unit 'default'
2021-06-21 07:56:28,736 WARN org.springframework.boot.autoconfigure.orm.jpa.JpaBaseConfiguration$JpaWebConfiguration [main] spring.jpa.open-in-view is enabled by default. Therefore, database queries may be performed during view rendering. Explicitly configure spring.jpa.open-in-view to disable this warning
2021-06-21 07:56:32,539 INFO com.OnlineSweetMartApplicationTests [main] Started OnlineSweetMartApplicationTests in 15.223 seconds (JVM running for 18.156)
2021-06-21 07:56:33,171 INFO com.cg.osm.service.ProductServiceImpl [main] Product showAllProducts()
2021-06-21 07:56:33,224 INFO com.cg.osm.service.ProductServiceImpl [main] Product findByProductId()
2021-06-21 07:56:33,231 INFO com.cg.osm.service.ProductServiceImpl [main] Product deleteProduct()
2021-06-21 07:56:33,250 INFO com.cg.osm.service.ProductServiceImpl [main] Product findByProductId()
2021-06-21 07:56:33,253 INFO com.cg.osm.service.ProductServiceImpl [main] Product updateProduct()
2021-06-21 07:56:33,259 INFO com.cg.osm.service.ProductServiceImpl [main] Product deleteProduct()
2021-06-21 07:56:33,263 INFO com.cg.osm.service.ProductServiceImpl [main] Product showAllProducts()
2021-06-21 07:56:33,266 INFO com.cg.osm.service.ProductServiceImpl [main] Product findByCategoryId()
2021-06-21 07:56:33,273 INFO com.cg.osm.service.ProductServiceImpl [main] Product findByCategoryId()
2021-06-21 07:56:33,499 INFO com.cg.osm.service.CustomerServiceImpl [main] Customer findCustomerById()
2021-06-21 07:56:33,506 INFO com.cg.osm.service.CustomerServiceImpl [main] Customer updateCustomer()
2021-06-21 07:56:33,513 INFO com.cg.osm.service.CustomerServiceImpl [main] Customer showAllCustomers()
2021-06-21 07:56:33,523 INFO com.cg.osm.service.CustomerServiceImpl [main] Customer findCustomerByName()
2021-06-21 07:56:33,529 INFO com.cg.osm.service.CustomerServiceImpl [main] Customer findCustomerById()
2021-06-21 07:56:33,540 INFO com.cg.osm.service.CustomerServiceImpl [main] Customer showAllCustomers()
2021-06-21 07:56:33,545 INFO com.cg.osm.service.CustomerServiceImpl [main] Customer findCustomerByName()
2021-06-21 07:56:33,556 INFO com.cg.osm.service.CustomerServiceImpl [main] Customer deleteCustomer()
2021-06-21 07:56:33,639 INFO com.cg.osm.service.CustomerServiceImpl [main] Customer deleteCustomer()
2021-06-21 07:56:33,646 INFO org.springframework.boot.test.context.SpringBootTestContextBootstrapper [main] Neither @ContextConfiguration nor @ContextHierarchy found for test class [com.cg.osm.service.LoginServiceTest], using SpringBootContextLoader
2021-06-21 07:56:33,649 INFO org.springframework.test.context.support.AbstractContextLoader [main] Could not detect default resource locations for test class [com.cg.osm.service.LoginServiceTest]: no resource found for suffixes {-context.xml, Context.groovy}.
2021-06-21 07:56:33,649 INFO org.springframework.test.context.support.AnnotationConfigContextLoaderUtils [main] Could not detect default configuration classes for test class [com.cg.osm.service.LoginServiceTest]: LoginServiceTest does not declare any static, non-private, non-final, nested classes annotated with @Configuration.
2021-06-21 07:56:33,790 INFO org.springframework.boot.test.context.SpringBootTestContextBootstrapper [main] Found @SpringBootConfiguration com.OnlineSweetMartApplication for test class com.cg.osm.service.LoginServiceTest
2021-06-21 07:56:33,794 INFO org.springframework.boot.test.context.SpringBootTestContextBootstrapper [main] Loaded default TestExecutionListener class names from location [META-INF/spring.factories]: [org.springframework.boot.test.autoconfigure.restdocs.RestDocsTestExecutionListener, org.springframework.boot.test.autoconfigure.web.client.MockRestServiceServerResetTestExecutionListener, org.springframework.boot.test.autoconfigure.web.servlet.MockMvcPrintOnlyOnFailureTestExecutionListener, org.springframework.boot.test.autoconfigure.web.servlet.WebDriverTestExecutionListener, org.springframework.boot.test.autoconfigure.webservices.client.MockWebServiceServerTestExecutionListener, org.springframework.boot.test.mock.mockito.MockitoTestExecutionListener, org.springframework.boot.test.mock.mockito.ResetMocksTestExecutionListener, org.springframework.test.context.web.ServletTestExecutionListener, org.springframework.test.context.support.DirtiesContextBeforeModesTestExecutionListener, org.springframework.test.context.event.ApplicationEventsTestExecutionListener, org.springframework.test.context.support.DependencyInjectionTestExecutionListener, org.springframework.test.context.support.DirtiesContextTestExecutionListener, org.springframework.test.context.transaction.TransactionalTestExecutionListener, org.springframework.test.context.jdbc.SqlScriptsTestExecutionListener, org.springframework.test.context.event.EventPublishingTestExecutionListener]
2021-06-21 07:56:33,794 INFO org.springframework.boot.test.context.SpringBootTestContextBootstrapper [main] Using TestExecutionListeners: [org.springframework.test.context.web.ServletTestExecutionListener@5cb077e3, org.springframework.test.context.support.DirtiesContextBeforeModesTestExecutionListener@278758da, org.springframework.test.context.event.ApplicationEventsTestExecutionListener@7d2c6085, org.springframework.boot.test.mock.mockito.MockitoTestExecutionListener@6c78ad08, org.springframework.boot.test.autoconfigure.SpringBootDependencyInjectionTestExecutionListener@3328d00b, org.springframework.test.context.support.DirtiesContextTestExecutionListener@2e740f3c, org.springframework.test.context.transaction.TransactionalTestExecutionListener@30427a3f, org.springframework.test.context.jdbc.SqlScriptsTestExecutionListener@197b91d2, org.springframework.test.context.event.EventPublishingTestExecutionListener@6c26a27e, org.springframework.boot.test.autoconfigure.restdocs.RestDocsTestExecutionListener@62254d29, org.springframework.boot.test.autoconfigure.web.client.MockRestServiceServerResetTestExecutionListener@411550d0, org.springframework.boot.test.autoconfigure.web.servlet.MockMvcPrintOnlyOnFailureTestExecutionListener@4a5bc21, org.springframework.boot.test.autoconfigure.web.servlet.WebDriverTestExecutionListener@5dc9cb99, org.springframework.boot.test.autoconfigure.webservices.client.MockWebServiceServerTestExecutionListener@15cd990c, org.springframework.boot.test.mock.mockito.ResetMocksTestExecutionListener@7e35c8b5]
2021-06-21 07:56:33,904 INFO com.cg.osm.service.LoginServiceImpl [main] User validateUser()
2021-06-21 07:56:33,917 INFO com.cg.osm.service.LoginServiceImpl [main] User addUser()
2021-06-21 07:56:33,940 INFO com.cg.osm.service.LoginServiceImpl [main] Customer showAllCustomers()
2021-06-21 07:56:33,984 INFO com.cg.osm.service.CategoryServiceImpl [main] Category showAllCategories()
2021-06-21 07:56:33,989 INFO com.cg.osm.service.CategoryServiceImpl [main] Category addCategory()
2021-06-21 07:56:33,997 INFO com.cg.osm.service.CategoryServiceImpl [main] Category deleteCategoryById()
2021-06-21 07:56:34,003 INFO com.cg.osm.service.CategoryServiceImpl [main] Category deleteCategoryById()
2021-06-21 07:56:34,008 INFO com.cg.osm.service.CategoryServiceImpl [main] Category showAllCategories()
2021-06-21 07:56:34,015 INFO com.cg.osm.service.CategoryServiceImpl [main] Category updateCategory()
2021-06-21 07:56:34,018 INFO com.cg.osm.service.CategoryServiceImpl [main] Category getCategoryById()
2021-06-21 07:56:34,021 INFO com.cg.osm.service.CategoryServiceImpl [main] Category getCategoryById()
2021-06-21 07:56:34,076 INFO com.cg.osm.service.SweetOrderServiceImpl [main] SweetOrder cancelSweetOrder()
2021-06-21 07:56:34,081 INFO com.cg.osm.service.SweetOrderServiceImpl [main] SweetOrder cancelSweetOrder()
2021-06-21 07:56:34,085 INFO com.cg.osm.service.SweetOrderServiceImpl [main] SweetOrder findOrderById()
2021-06-21 07:56:34,088 INFO com.cg.osm.service.SweetOrderServiceImpl [main] SweetOrder findOrdersByCustomerId()
2021-06-21 07:56:34,096 INFO com.cg.osm.service.SweetOrderServiceImpl [main] SweetOrder findOrdersByCustomerId()
2021-06-21 07:56:34,101 INFO com.cg.osm.service.SweetOrderServiceImpl [main] SweetOrder ShowAllSweetOrder()
2021-06-21 07:56:34,104 INFO com.cg.osm.service.SweetOrderServiceImpl [main] SweetOrder findOrderById()
2021-06-21 07:56:34,107 INFO com.cg.osm.service.SweetOrderServiceImpl [main] SweetOrder ShowAllSweetOrder()
2021-06-21 07:56:34,120 INFO org.springframework.boot.test.autoconfigure.web.servlet.WebMvcTestContextBootstrapper [main] Neither @ContextConfiguration nor @ContextHierarchy found for test class [com.cg.osm.controller.ProductControllerTest], using SpringBootContextLoader
2021-06-21 07:56:34,121 INFO org.springframework.test.context.support.AbstractContextLoader [main] Could not detect default resource locations for test class [com.cg.osm.controller.ProductControllerTest]: no resource found for suffixes {-context.xml, Context.groovy}.
2021-06-21 07:56:34,122 INFO org.springframework.test.context.support.AnnotationConfigContextLoaderUtils [main] Could not detect default configuration classes for test class [com.cg.osm.controller.ProductControllerTest]: ProductControllerTest does not declare any static, non-private, non-final, nested classes annotated with @Configuration.
2021-06-21 07:56:34,165 INFO org.springframework.boot.test.context.SpringBootTestContextBootstrapper [main] Found @SpringBootConfiguration com.OnlineSweetMartApplication for test class com.cg.osm.controller.ProductControllerTest
2021-06-21 07:56:34,166 INFO org.springframework.boot.test.autoconfigure.web.servlet.WebMvcTestContextBootstrapper [main] Loaded default TestExecutionListener class names from location [META-INF/spring.factories]: [org.springframework.boot.test.autoconfigure.restdocs.RestDocsTestExecutionListener, org.springframework.boot.test.autoconfigure.web.client.MockRestServiceServerResetTestExecutionListener, org.springframework.boot.test.autoconfigure.web.servlet.MockMvcPrintOnlyOnFailureTestExecutionListener, org.springframework.boot.test.autoconfigure.web.servlet.WebDriverTestExecutionListener, org.springframework.boot.test.autoconfigure.webservices.client.MockWebServiceServerTestExecutionListener, org.springframework.boot.test.mock.mockito.MockitoTestExecutionListener, org.springframework.boot.test.mock.mockito.ResetMocksTestExecutionListener, org.springframework.test.context.web.ServletTestExecutionListener, org.springframework.test.context.support.DirtiesContextBeforeModesTestExecutionListener, org.springframework.test.context.event.ApplicationEventsTestExecutionListener, org.springframework.test.context.support.DependencyInjectionTestExecutionListener, org.springframework.test.context.support.DirtiesContextTestExecutionListener, org.springframework.test.context.transaction.TransactionalTestExecutionListener, org.springframework.test.context.jdbc.SqlScriptsTestExecutionListener, org.springframework.test.context.event.EventPublishingTestExecutionListener]
2021-06-21 07:56:34,167 INFO org.springframework.boot.test.autoconfigure.web.servlet.WebMvcTestContextBootstrapper [main] Using TestExecutionListeners: [org.springframework.test.context.web.ServletTestExecutionListener@f7269a2, org.springframework.test.context.support.DirtiesContextBeforeModesTestExecutionListener@27169a80, org.springframework.test.context.event.ApplicationEventsTestExecutionListener@4975af1, org.springframework.boot.test.mock.mockito.MockitoTestExecutionListener@57cf5515, org.springframework.boot.test.autoconfigure.SpringBootDependencyInjectionTestExecutionListener@4b6c0937, org.springframework.test.context.support.DirtiesContextTestExecutionListener@58bd5840, org.springframework.test.context.transaction.TransactionalTestExecutionListener@6643c174, org.springframework.test.context.jdbc.SqlScriptsTestExecutionListener@4b894754, org.springframework.test.context.event.EventPublishingTestExecutionListener@6087daa3, org.springframework.boot.test.autoconfigure.restdocs.RestDocsTestExecutionListener@524af1ab, org.springframework.boot.test.autoconfigure.web.client.MockRestServiceServerResetTestExecutionListener@2afac2f7, org.springframework.boot.test.autoconfigure.web.servlet.MockMvcPrintOnlyOnFailureTestExecutionListener@2b48931b, org.springframework.boot.test.autoconfigure.web.servlet.WebDriverTestExecutionListener@75440613, org.springframework.boot.test.autoconfigure.webservices.client.MockWebServiceServerTestExecutionListener@700666b9, org.springframework.boot.test.mock.mockito.ResetMocksTestExecutionListener@c17ef34]
2021-06-21 07:56:34,255 INFO com.cg.osm.controller.ProductControllerTest [main] Starting ProductControllerTest using Java 15.0.2 on DESKTOP-MDF5G37 with PID 812 (started by pc in C:\Users\pc\SpringBootDemo\OnlineSweetMart)
2021-06-21 07:56:34,256 INFO com.cg.osm.controller.ProductControllerTest [main] No active profile set, falling back to default profiles: default
2021-06-21 07:56:36,894 INFO org.springframework.boot.test.mock.web.SpringBootMockServletContext [main] Initializing Spring TestDispatcherServlet ''
2021-06-21 07:56:36,894 INFO org.springframework.test.web.servlet.TestDispatcherServlet [main] Initializing Servlet ''
2021-06-21 07:56:36,897 INFO org.springframework.test.web.servlet.TestDispatcherServlet [main] Completed initialization in 3 ms
2021-06-21 07:56:37,013 INFO com.cg.osm.controller.ProductControllerTest [main] Started ProductControllerTest in 2.842 seconds (JVM running for 22.63)
2021-06-21 07:56:37,234 INFO com.cg.osm.controller.ProductController [main] Product addProduct()
2021-06-21 07:56:37,258 INFO CustomResponseEntityExceptionHandler [main] Inside ResponseEntityExceptionHandler() of CategoryNotFoundException
2021-06-21 07:56:37,625 INFO com.cg.osm.controller.ProductController [main] Product getProductById()
2021-06-21 07:56:37,651 INFO com.cg.osm.controller.ProductController [main] Product deleteProduct()
2021-06-21 07:56:37,697 INFO com.cg.osm.controller.ProductController [main] Product updateProduct()
2021-06-21 07:56:37,700 INFO CustomResponseEntityExceptionHandler [main] Inside ResponseEntityExceptionHandler() of ProductNotFoundException
2021-06-21 07:56:37,716 INFO com.cg.osm.controller.ProductController [main] Product deleteProduct()
2021-06-21 07:56:37,717 INFO CustomResponseEntityExceptionHandler [main] Inside ResponseEntityExceptionHandler() of ProductNotFoundException
2021-06-21 07:56:37,732 INFO CustomResponseEntityExceptionHandler [main] Inside ResponseEntityExceptionHandler() of ProductNotFoundException
2021-06-21 07:56:37,757 INFO com.cg.osm.controller.ProductController [main] Product showProducts()
2021-06-21 07:56:37,780 INFO com.cg.osm.controller.ProductController [main] Product addProduct()
2021-06-21 07:56:37,804 INFO com.cg.osm.controller.ProductController [main] Product showProductsOnCategory()
2021-06-21 07:56:37,825 INFO com.cg.osm.controller.ProductController [main] Product showProductsOnCategory()
2021-06-21 07:56:37,828 INFO CustomResponseEntityExceptionHandler [main] Inside ResponseEntityExceptionHandler() of CategoryNotFoundException
2021-06-21 07:56:37,852 INFO com.cg.osm.controller.ProductController [main] Product updateProduct()
2021-06-21 07:56:37,871 INFO com.cg.osm.controller.ProductController [main] Product showProducts()
2021-06-21 07:56:37,872 INFO CustomResponseEntityExceptionHandler [main] Inside ResponseEntityExceptionHandler() of ProductNotFoundException
2021-06-21 07:56:37,962 INFO org.springframework.boot.test.autoconfigure.web.servlet.WebMvcTestContextBootstrapper [main] Neither @ContextConfiguration nor @ContextHierarchy found for test class [com.cg.osm.controller.SweetControllerTest], using SpringBootContextLoader
2021-06-21 07:56:37,965 INFO org.springframework.test.context.support.AbstractContextLoader [main] Could not detect default resource locations for test class [com.cg.osm.controller.SweetControllerTest]: no resource found for suffixes {-context.xml, Context.groovy}.
2021-06-21 07:56:37,965 INFO org.springframework.test.context.support.AnnotationConfigContextLoaderUtils [main] Could not detect default configuration classes for test class [com.cg.osm.controller.SweetControllerTest]: SweetControllerTest does not declare any static, non-private, non-final, nested classes annotated with @Configuration.
2021-06-21 07:56:37,973 INFO org.springframework.boot.test.context.SpringBootTestContextBootstrapper [main] Found @SpringBootConfiguration com.OnlineSweetMartApplication for test class com.cg.osm.controller.SweetControllerTest
2021-06-21 07:56:37,974 INFO org.springframework.boot.test.autoconfigure.web.servlet.WebMvcTestContextBootstrapper [main] Loaded default TestExecutionListener class names from location [META-INF/spring.factories]: [org.springframework.boot.test.autoconfigure.restdocs.RestDocsTestExecutionListener, org.springframework.boot.test.autoconfigure.web.client.MockRestServiceServerResetTestExecutionListener, org.springframework.boot.test.autoconfigure.web.servlet.MockMvcPrintOnlyOnFailureTestExecutionListener, org.springframework.boot.test.autoconfigure.web.servlet.WebDriverTestExecutionListener, org.springframework.boot.test.autoconfigure.webservices.client.MockWebServiceServerTestExecutionListener, org.springframework.boot.test.mock.mockito.MockitoTestExecutionListener, org.springframework.boot.test.mock.mockito.ResetMocksTestExecutionListener, org.springframework.test.context.web.ServletTestExecutionListener, org.springframework.test.context.support.DirtiesContextBeforeModesTestExecutionListener, org.springframework.test.context.event.ApplicationEventsTestExecutionListener, org.springframework.test.context.support.DependencyInjectionTestExecutionListener, org.springframework.test.context.support.DirtiesContextTestExecutionListener, org.springframework.test.context.transaction.TransactionalTestExecutionListener, org.springframework.test.context.jdbc.SqlScriptsTestExecutionListener, org.springframework.test.context.event.EventPublishingTestExecutionListener]
2021-06-21 07:56:37,975 INFO org.springframework.boot.test.autoconfigure.web.servlet.WebMvcTestContextBootstrapper [main] Using TestExecutionListeners: [org.springframework.test.context.web.ServletTestExecutionListener@63e1bad2, org.springframework.test.context.support.DirtiesContextBeforeModesTestExecutionListener@9dffb0a, org.springframework.test.context.event.ApplicationEventsTestExecutionListener@7fbcd3f0, org.springframework.boot.test.mock.mockito.MockitoTestExecutionListener@44707383, org.springframework.boot.test.autoconfigure.SpringBootDependencyInjectionTestExecutionListener@2a2976f5, org.springframework.test.context.support.DirtiesContextTestExecutionListener@5c58cf11, org.springframework.test.context.transaction.TransactionalTestExecutionListener@4562a439, org.springframework.test.context.jdbc.SqlScriptsTestExecutionListener@2c93b7d, org.springframework.test.context.event.EventPublishingTestExecutionListener@63b66b0f, org.springframework.boot.test.autoconfigure.restdocs.RestDocsTestExecutionListener@798c002f, org.springframework.boot.test.autoconfigure.web.client.MockRestServiceServerResetTestExecutionListener@291f204b, org.springframework.boot.test.autoconfigure.web.servlet.MockMvcPrintOnlyOnFailureTestExecutionListener@62c6f4c6, org.springframework.boot.test.autoconfigure.web.servlet.WebDriverTestExecutionListener@32f80582, org.springframework.boot.test.autoconfigure.webservices.client.MockWebServiceServerTestExecutionListener@2b6ce68a, org.springframework.boot.test.mock.mockito.ResetMocksTestExecutionListener@7b2196d4]
2021-06-21 07:56:38,026 INFO com.cg.osm.controller.SweetControllerTest [main] Starting SweetControllerTest using Java 15.0.2 on DESKTOP-MDF5G37 with PID 812 (started by pc in C:\Users\pc\SpringBootDemo\OnlineSweetMart)
2021-06-21 07:56:38,027 INFO com.cg.osm.controller.SweetControllerTest [main] No active profile set, falling back to default profiles: default
2021-06-21 07:56:40,434 INFO org.springframework.boot.test.mock.web.SpringBootMockServletContext [main] Initializing Spring TestDispatcherServlet ''
2021-06-21 07:56:40,435 INFO org.springframework.test.web.servlet.TestDispatcherServlet [main] Initializing Servlet ''
2021-06-21 07:56:40,436 INFO org.springframework.test.web.servlet.TestDispatcherServlet [main] Completed initialization in 1 ms
2021-06-21 07:56:40,607 INFO com.cg.osm.controller.SweetControllerTest [main] Started SweetControllerTest in 2.628 seconds (JVM running for 26.224)
2021-06-21 07:56:40,624 INFO com.cg.osm.controller.SweetController [main] SweetOrder retreiveAllSweet()
2021-06-21 07:56:40,640 INFO com.cg.osm.controller.SweetController [main] SweetOrder cancelSweetOrder()
2021-06-21 07:56:40,652 INFO com.cg.osm.controller.SweetController [main] SweetOrder findOrderBySweetOrderId()
2021-06-21 07:56:40,667 INFO com.cg.osm.controller.SweetController [main] SweetOrder findOrdersByCustomerId()
2021-06-21 07:56:40,687 INFO CustomResponseEntityExceptionHandler [main] Inside handleSweetOrderNotFoundException() 
2021-06-21 07:56:40,751 INFO com.cg.osm.controller.SweetController [main] SweetOrder addSweetOrder()
2021-06-21 07:56:40,768 INFO com.cg.osm.controller.SweetController [main] SweetOrder cancelSweetOrder()
2021-06-21 07:56:40,770 INFO CustomResponseEntityExceptionHandler [main] Inside handleSweetOrderNotFoundException() 
2021-06-21 07:56:40,783 INFO com.cg.osm.controller.SweetController [main] SweetOrder findOrdersByCustomerId()
2021-06-21 07:56:40,785 INFO CustomResponseEntityExceptionHandler [main] Inside ResponseEntityExceptionHandler() of CustomerNotFoundException
2021-06-21 07:56:40,795 INFO com.cg.osm.controller.SweetController [main] SweetOrder retreiveAllSweet()
2021-06-21 07:56:40,797 INFO CustomResponseEntityExceptionHandler [main] Inside handleSweetOrderNotFoundException() 
2021-06-21 07:56:40,805 INFO org.springframework.boot.test.autoconfigure.web.servlet.WebMvcTestContextBootstrapper [main] Neither @ContextConfiguration nor @ContextHierarchy found for test class [com.cg.osm.controller.CategoryControllerTest], using SpringBootContextLoader
2021-06-21 07:56:40,807 INFO org.springframework.test.context.support.AbstractContextLoader [main] Could not detect default resource locations for test class [com.cg.osm.controller.CategoryControllerTest]: no resource found for suffixes {-context.xml, Context.groovy}.
2021-06-21 07:56:40,807 INFO org.springframework.test.context.support.AnnotationConfigContextLoaderUtils [main] Could not detect default configuration classes for test class [com.cg.osm.controller.CategoryControllerTest]: CategoryControllerTest does not declare any static, non-private, non-final, nested classes annotated with @Configuration.
2021-06-21 07:56:40,812 INFO org.springframework.boot.test.context.SpringBootTestContextBootstrapper [main] Found @SpringBootConfiguration com.OnlineSweetMartApplication for test class com.cg.osm.controller.CategoryControllerTest
2021-06-21 07:56:40,813 INFO org.springframework.boot.test.autoconfigure.web.servlet.WebMvcTestContextBootstrapper [main] Loaded default TestExecutionListener class names from location [META-INF/spring.factories]: [org.springframework.boot.test.autoconfigure.restdocs.RestDocsTestExecutionListener, org.springframework.boot.test.autoconfigure.web.client.MockRestServiceServerResetTestExecutionListener, org.springframework.boot.test.autoconfigure.web.servlet.MockMvcPrintOnlyOnFailureTestExecutionListener, org.springframework.boot.test.autoconfigure.web.servlet.WebDriverTestExecutionListener, org.springframework.boot.test.autoconfigure.webservices.client.MockWebServiceServerTestExecutionListener, org.springframework.boot.test.mock.mockito.MockitoTestExecutionListener, org.springframework.boot.test.mock.mockito.ResetMocksTestExecutionListener, org.springframework.test.context.web.ServletTestExecutionListener, org.springframework.test.context.support.DirtiesContextBeforeModesTestExecutionListener, org.springframework.test.context.event.ApplicationEventsTestExecutionListener, org.springframework.test.context.support.DependencyInjectionTestExecutionListener, org.springframework.test.context.support.DirtiesContextTestExecutionListener, org.springframework.test.context.transaction.TransactionalTestExecutionListener, org.springframework.test.context.jdbc.SqlScriptsTestExecutionListener, org.springframework.test.context.event.EventPublishingTestExecutionListener]
2021-06-21 07:56:40,814 INFO org.springframework.boot.test.autoconfigure.web.servlet.WebMvcTestContextBootstrapper [main] Using TestExecutionListeners: [org.springframework.test.context.web.ServletTestExecutionListener@1280281f, org.springframework.test.context.support.DirtiesContextBeforeModesTestExecutionListener@e26310d, org.springframework.test.context.event.ApplicationEventsTestExecutionListener@4e9b3fbb, org.springframework.boot.test.mock.mockito.MockitoTestExecutionListener@5acee618, org.springframework.boot.test.autoconfigure.SpringBootDependencyInjectionTestExecutionListener@491dfd8e, org.springframework.test.context.support.DirtiesContextTestExecutionListener@768c03f9, org.springframework.test.context.transaction.TransactionalTestExecutionListener@61fd8c74, org.springframework.test.context.jdbc.SqlScriptsTestExecutionListener@4c2e5875, org.springframework.test.context.event.EventPublishingTestExecutionListener@6a792df3, org.springframework.boot.test.autoconfigure.restdocs.RestDocsTestExecutionListener@7cfc688e, org.springframework.boot.test.autoconfigure.web.client.MockRestServiceServerResetTestExecutionListener@71efc549, org.springframework.boot.test.autoconfigure.web.servlet.MockMvcPrintOnlyOnFailureTestExecutionListener@4f3cd6f1, org.springframework.boot.test.autoconfigure.web.servlet.WebDriverTestExecutionListener@6c097c50, org.springframework.boot.test.autoconfigure.webservices.client.MockWebServiceServerTestExecutionListener@73aed147, org.springframework.boot.test.mock.mockito.ResetMocksTestExecutionListener@7c6497f6]
2021-06-21 07:56:40,852 INFO com.cg.osm.controller.CategoryControllerTest [main] Starting CategoryControllerTest using Java 15.0.2 on DESKTOP-MDF5G37 with PID 812 (started by pc in C:\Users\pc\SpringBootDemo\OnlineSweetMart)
2021-06-21 07:56:40,855 INFO com.cg.osm.controller.CategoryControllerTest [main] No active profile set, falling back to default profiles: default
2021-06-21 07:56:43,165 INFO org.springframework.boot.test.mock.web.SpringBootMockServletContext [main] Initializing Spring TestDispatcherServlet ''
2021-06-21 07:56:43,165 INFO org.springframework.test.web.servlet.TestDispatcherServlet [main] Initializing Servlet ''
2021-06-21 07:56:43,167 INFO org.springframework.test.web.servlet.TestDispatcherServlet [main] Completed initialization in 2 ms
2021-06-21 07:56:43,254 INFO com.cg.osm.controller.CategoryControllerTest [main] Started CategoryControllerTest in 2.436 seconds (JVM running for 28.871)
2021-06-21 07:56:43,288 INFO com.cg.osm.controller.CategoryController [main] Category updateCategory()
2021-06-21 07:56:43,302 INFO com.cg.osm.controller.CategoryController [main] Category updateCategory()
2021-06-21 07:56:43,310 INFO CustomResponseEntityExceptionHandler [main] Inside ResponseEntityExceptionHandler() of CategoryNotFoundException
2021-06-21 07:56:43,323 INFO com.cg.osm.controller.CategoryController [main] Category addCategory()
2021-06-21 07:56:43,334 INFO com.cg.osm.controller.CategoryController [main] Category deleteCategoryById()
2021-06-21 07:56:43,342 INFO CustomResponseEntityExceptionHandler [main] Inside ResponseEntityExceptionHandler() of CategoryNotFoundException
2021-06-21 07:56:43,350 INFO com.cg.osm.controller.CategoryController [main] Category showAllCategories()
2021-06-21 07:56:43,351 INFO CustomResponseEntityExceptionHandler [main] Inside ResponseEntityExceptionHandler() of CategoryNotFoundException
2021-06-21 07:56:43,362 INFO com.cg.osm.controller.CategoryController [main] Category showAllCategories()
2021-06-21 07:56:43,383 INFO com.cg.osm.controller.CategoryController [main] Category getCategoryById()
2021-06-21 07:56:43,405 INFO org.springframework.boot.test.autoconfigure.web.servlet.WebMvcTestContextBootstrapper [main] Neither @ContextConfiguration nor @ContextHierarchy found for test class [com.cg.osm.controller.CustomerControllerTest], using SpringBootContextLoader
2021-06-21 07:56:43,406 INFO org.springframework.test.context.support.AbstractContextLoader [main] Could not detect default resource locations for test class [com.cg.osm.controller.CustomerControllerTest]: no resource found for suffixes {-context.xml, Context.groovy}.
2021-06-21 07:56:43,406 INFO org.springframework.test.context.support.AnnotationConfigContextLoaderUtils [main] Could not detect default configuration classes for test class [com.cg.osm.controller.CustomerControllerTest]: CustomerControllerTest does not declare any static, non-private, non-final, nested classes annotated with @Configuration.
2021-06-21 07:56:43,411 INFO org.springframework.boot.test.context.SpringBootTestContextBootstrapper [main] Found @SpringBootConfiguration com.OnlineSweetMartApplication for test class com.cg.osm.controller.CustomerControllerTest
2021-06-21 07:56:43,412 INFO org.springframework.boot.test.autoconfigure.web.servlet.WebMvcTestContextBootstrapper [main] Loaded default TestExecutionListener class names from location [META-INF/spring.factories]: [org.springframework.boot.test.autoconfigure.restdocs.RestDocsTestExecutionListener, org.springframework.boot.test.autoconfigure.web.client.MockRestServiceServerResetTestExecutionListener, org.springframework.boot.test.autoconfigure.web.servlet.MockMvcPrintOnlyOnFailureTestExecutionListener, org.springframework.boot.test.autoconfigure.web.servlet.WebDriverTestExecutionListener, org.springframework.boot.test.autoconfigure.webservices.client.MockWebServiceServerTestExecutionListener, org.springframework.boot.test.mock.mockito.MockitoTestExecutionListener, org.springframework.boot.test.mock.mockito.ResetMocksTestExecutionListener, org.springframework.test.context.web.ServletTestExecutionListener, org.springframework.test.context.support.DirtiesContextBeforeModesTestExecutionListener, org.springframework.test.context.event.ApplicationEventsTestExecutionListener, org.springframework.test.context.support.DependencyInjectionTestExecutionListener, org.springframework.test.context.support.DirtiesContextTestExecutionListener, org.springframework.test.context.transaction.TransactionalTestExecutionListener, org.springframework.test.context.jdbc.SqlScriptsTestExecutionListener, org.springframework.test.context.event.EventPublishingTestExecutionListener]
2021-06-21 07:56:43,412 INFO org.springframework.boot.test.autoconfigure.web.servlet.WebMvcTestContextBootstrapper [main] Using TestExecutionListeners: [org.springframework.test.context.web.ServletTestExecutionListener@442c1dcd, org.springframework.test.context.support.DirtiesContextBeforeModesTestExecutionListener@a4529a4, org.springframework.test.context.event.ApplicationEventsTestExecutionListener@398611e0, org.springframework.boot.test.mock.mockito.MockitoTestExecutionListener@3c156119, org.springframework.boot.test.autoconfigure.SpringBootDependencyInjectionTestExecutionListener@18f3c123, org.springframework.test.context.support.DirtiesContextTestExecutionListener@3b58d390, org.springframework.test.context.transaction.TransactionalTestExecutionListener@32d8cc0a, org.springframework.test.context.jdbc.SqlScriptsTestExecutionListener@25d26ee1, org.springframework.test.context.event.EventPublishingTestExecutionListener@232e59a1, org.springframework.boot.test.autoconfigure.restdocs.RestDocsTestExecutionListener@5e17da07, org.springframework.boot.test.autoconfigure.web.client.MockRestServiceServerResetTestExecutionListener@2adbf553, org.springframework.boot.test.autoconfigure.web.servlet.MockMvcPrintOnlyOnFailureTestExecutionListener@1c48338f, org.springframework.boot.test.autoconfigure.web.servlet.WebDriverTestExecutionListener@4d7a82f6, org.springframework.boot.test.autoconfigure.webservices.client.MockWebServiceServerTestExecutionListener@2d5dbebc, org.springframework.boot.test.mock.mockito.ResetMocksTestExecutionListener@58d9a729]
2021-06-21 07:56:43,486 INFO com.cg.osm.controller.CustomerControllerTest [main] Starting CustomerControllerTest using Java 15.0.2 on DESKTOP-MDF5G37 with PID 812 (started by pc in C:\Users\pc\SpringBootDemo\OnlineSweetMart)
2021-06-21 07:56:43,488 INFO com.cg.osm.controller.CustomerControllerTest [main] No active profile set, falling back to default profiles: default
2021-06-21 07:56:45,566 INFO org.springframework.boot.test.mock.web.SpringBootMockServletContext [main] Initializing Spring TestDispatcherServlet ''
2021-06-21 07:56:45,566 INFO org.springframework.test.web.servlet.TestDispatcherServlet [main] Initializing Servlet ''
2021-06-21 07:56:45,567 INFO org.springframework.test.web.servlet.TestDispatcherServlet [main] Completed initialization in 1 ms
2021-06-21 07:56:45,712 INFO com.cg.osm.controller.CustomerControllerTest [main] Started CustomerControllerTest in 2.295 seconds (JVM running for 31.329)
2021-06-21 07:56:45,728 INFO com.cg.osm.controller.CustomerController [main] Customer findCustomerById()
2021-06-21 07:56:45,746 INFO com.cg.osm.controller.CustomerController [main] Customer showAllCustomers()
2021-06-21 07:56:45,764 INFO CustomResponseEntityExceptionHandler [main] Inside ResponseEntityExceptionHandler() of CustomerNotFoundException
2021-06-21 07:56:45,777 INFO CustomResponseEntityExceptionHandler [main] Inside ResponseEntityExceptionHandler() of CustomerNotFoundException
2021-06-21 07:56:45,801 INFO com.cg.osm.controller.CustomerController [main] Customer findCustomerByName()
2021-06-21 07:56:45,812 INFO com.cg.osm.controller.CustomerController [main] Customer deleteCustomer()
2021-06-21 07:56:45,827 INFO com.cg.osm.controller.CustomerController [main] Customer showAllCustomers()
2021-06-21 07:56:45,828 INFO CustomResponseEntityExceptionHandler [main] Inside ResponseEntityExceptionHandler() of CustomerNotFoundException
2021-06-21 07:56:45,848 INFO com.cg.osm.controller.CustomerController [main] Customer deleteCustomer()
2021-06-21 07:56:45,850 INFO CustomResponseEntityExceptionHandler [main] Inside ResponseEntityExceptionHandler() of CustomerNotFoundException
2021-06-21 07:56:45,905 INFO org.springframework.orm.jpa.LocalContainerEntityManagerFactoryBean [SpringApplicationShutdownHook] Closing JPA EntityManagerFactory for persistence unit 'default'
2021-06-21 07:56:45,908 INFO com.zaxxer.hikari.HikariDataSource [SpringApplicationShutdownHook] HikariPool-1 - Shutdown initiated...
2021-06-21 07:56:45,917 INFO com.zaxxer.hikari.HikariDataSource [SpringApplicationShutdownHook] HikariPool-1 - Shutdown completed.
2021-06-21 08:00:30,991 INFO org.apache.catalina.core.ContainerBase.[Tomcat].[localhost].[/] [http-nio-8085-exec-2] Initializing Spring DispatcherServlet 'dispatcherServlet'
2021-06-21 08:00:30,995 INFO org.springframework.web.servlet.DispatcherServlet [http-nio-8085-exec-2] Initializing Servlet 'dispatcherServlet'
2021-06-21 08:00:31,036 INFO org.springframework.web.servlet.DispatcherServlet [http-nio-8085-exec-2] Completed initialization in 41 ms
2021-06-21 08:00:31,631 INFO com.cg.osm.controller.CustomerController [http-nio-8085-exec-2] Customer addCustomer()
2021-06-21 08:00:31,632 INFO com.cg.osm.service.CustomerServiceImpl [http-nio-8085-exec-2] Customer addCustomer()
2021-06-21 08:04:06,739 INFO com.cg.osm.controller.CustomerController [http-nio-8085-exec-7] Customer addCustomer()
2021-06-21 08:04:06,744 INFO com.cg.osm.service.CustomerServiceImpl [http-nio-8085-exec-7] Customer addCustomer()
2021-06-21 08:06:33,377 INFO CustomResponseEntityExceptionHandler [http-nio-8085-exec-10] Inside handleMethodArgumentNotValid()
2021-06-21 08:07:23,542 INFO com.cg.osm.controller.CustomerController [http-nio-8085-exec-5] Customer addCustomer()
2021-06-21 08:07:23,543 INFO com.cg.osm.service.CustomerServiceImpl [http-nio-8085-exec-5] Customer addCustomer()
2021-06-21 08:08:28,388 INFO com.cg.osm.controller.CustomerController [http-nio-8085-exec-3] Customer showAllCustomers()
2021-06-21 08:08:28,389 INFO com.cg.osm.service.CustomerServiceImpl [http-nio-8085-exec-3] Customer showAllCustomers()
2021-06-21 08:09:14,807 INFO com.cg.osm.service.CustomerServiceImpl [http-nio-8085-exec-4] Customer findCustomerById()
2021-06-21 08:09:14,815 INFO com.cg.osm.controller.CustomerController [http-nio-8085-exec-4] Customer findCustomerById()
2021-06-21 08:10:03,030 INFO com.cg.osm.controller.CustomerController [http-nio-8085-exec-7] Customer updateCustomer()
2021-06-21 08:10:03,030 INFO com.cg.osm.service.CustomerServiceImpl [http-nio-8085-exec-7] Customer updateCustomer()
2021-06-21 08:14:40,386 INFO com.cg.osm.controller.LoginController [http-nio-8085-exec-6] User addUser()
2021-06-21 08:14:40,445 INFO com.cg.osm.service.LoginServiceImpl [http-nio-8085-exec-6] User addUser()
2021-06-21 08:15:25,760 INFO com.cg.osm.controller.LoginController [http-nio-8085-exec-9] User addUser()
2021-06-21 08:15:25,762 INFO com.cg.osm.service.LoginServiceImpl [http-nio-8085-exec-9] User addUser()
2021-06-21 08:16:08,507 INFO com.cg.osm.controller.LoginController [http-nio-8085-exec-5] User addUser()
2021-06-21 08:16:08,509 INFO com.cg.osm.service.LoginServiceImpl [http-nio-8085-exec-5] User addUser()
2021-06-21 08:17:11,534 INFO com.cg.osm.controller.LoginController [http-nio-8085-exec-2] User validateUser()
2021-06-21 08:17:11,536 INFO com.cg.osm.service.LoginServiceImpl [http-nio-8085-exec-2] User validateUser()
2021-06-21 08:17:48,779 INFO com.cg.osm.controller.LoginController [http-nio-8085-exec-4] User userLogin()
2021-06-21 08:17:48,780 INFO com.cg.osm.service.LoginServiceImpl [http-nio-8085-exec-4] User userLogin()
2021-06-21 08:17:48,834 INFO CustomResponseEntityExceptionHandler [http-nio-8085-exec-4] Inside ResponseEntityExceptionHandler() of UserNotFoundException
2021-06-21 08:18:47,131 INFO com.cg.osm.controller.LoginController [http-nio-8085-exec-7] User userLogin()
2021-06-21 08:18:47,133 INFO com.cg.osm.service.LoginServiceImpl [http-nio-8085-exec-7] User userLogin()
2021-06-21 08:21:43,825 INFO com.cg.osm.controller.CategoryController [http-nio-8085-exec-6] Category showAllCategories()
2021-06-21 08:21:43,826 INFO com.cg.osm.service.CategoryServiceImpl [http-nio-8085-exec-6] Category showAllCategories()
2021-06-21 08:21:43,881 INFO CustomResponseEntityExceptionHandler [http-nio-8085-exec-6] Inside ResponseEntityExceptionHandler() of CategoryNotFoundException
2021-06-21 08:22:08,170 INFO com.cg.osm.controller.CategoryController [http-nio-8085-exec-9] Category addCategory()
2021-06-21 08:22:08,171 INFO com.cg.osm.service.CategoryServiceImpl [http-nio-8085-exec-9] Category addCategory()
2021-06-21 08:22:31,729 INFO com.cg.osm.controller.CategoryController [http-nio-8085-exec-5] Category addCategory()
2021-06-21 08:22:31,729 INFO com.cg.osm.service.CategoryServiceImpl [http-nio-8085-exec-5] Category addCategory()
2021-06-21 08:22:48,343 INFO com.cg.osm.controller.CategoryController [http-nio-8085-exec-1] Category addCategory()
2021-06-21 08:22:48,343 INFO com.cg.osm.service.CategoryServiceImpl [http-nio-8085-exec-1] Category addCategory()
2021-06-21 08:23:11,265 INFO com.cg.osm.controller.CategoryController [http-nio-8085-exec-3] Category showAllCategories()
2021-06-21 08:23:11,266 INFO com.cg.osm.service.CategoryServiceImpl [http-nio-8085-exec-3] Category showAllCategories()
2021-06-21 08:23:48,086 INFO com.cg.osm.service.CategoryServiceImpl [http-nio-8085-exec-2] Category getCategoryById()
2021-06-21 08:23:48,093 INFO com.cg.osm.controller.CategoryController [http-nio-8085-exec-2] Category getCategoryById()
2021-06-21 08:27:58,090 INFO com.cg.osm.service.CategoryServiceImpl [http-nio-8085-exec-8] Category getCategoryById()
2021-06-21 08:27:58,093 INFO com.cg.osm.controller.CategoryController [http-nio-8085-exec-8] Category getCategoryById()
2021-06-21 08:28:25,148 INFO com.cg.osm.controller.ProductController [http-nio-8085-exec-10] Product addProduct()
2021-06-21 08:28:25,150 INFO com.cg.osm.service.ProductServiceImpl [http-nio-8085-exec-10] Product addProduct()
2021-06-21 08:29:59,844 INFO com.cg.osm.controller.ProductController [http-nio-8085-exec-5] Product addProduct()
2021-06-21 08:29:59,844 INFO com.cg.osm.service.ProductServiceImpl [http-nio-8085-exec-5] Product addProduct()
2021-06-21 08:33:37,676 INFO com.cg.osm.controller.ProductController [http-nio-8085-exec-2] Product addProduct()
2021-06-21 08:33:37,681 INFO com.cg.osm.service.ProductServiceImpl [http-nio-8085-exec-2] Product addProduct()
2021-06-21 08:34:40,748 INFO com.cg.osm.controller.ProductController [http-nio-8085-exec-7] Product showProducts()
2021-06-21 08:34:40,749 INFO com.cg.osm.service.ProductServiceImpl [http-nio-8085-exec-7] Product showAllProducts()
2021-06-21 08:38:20,252 INFO com.cg.osm.controller.SweetController [http-nio-8085-exec-9] SweetOrder addSweetOrder()
2021-06-21 08:38:20,253 INFO com.cg.osm.service.SweetOrderServiceImpl [http-nio-8085-exec-9] SweetOrder addSweetOrder()
2021-06-21 08:38:20,547 INFO com.cg.osm.service.SweetOrderServiceImpl [http-nio-8085-exec-9] SweetOrder calculateTotalCost()
2021-06-21 08:42:58,157 INFO com.cg.osm.controller.SweetController [http-nio-8085-exec-3] SweetOrder addSweetOrder()
2021-06-21 08:42:58,157 INFO com.cg.osm.service.SweetOrderServiceImpl [http-nio-8085-exec-3] SweetOrder addSweetOrder()
2021-06-21 08:42:58,167 INFO com.cg.osm.service.SweetOrderServiceImpl [http-nio-8085-exec-3] SweetOrder calculateTotalCost()
2021-06-21 09:16:15,675 INFO com.cg.osm.controller.SweetController [http-nio-8085-exec-8] SweetOrder findOrdersByCustomerId()
2021-06-21 09:16:15,702 INFO com.cg.osm.service.SweetOrderServiceImpl [http-nio-8085-exec-8] SweetOrder findOrdersByCustomerId()
2021-06-21 10:24:53,188 INFO org.hibernate.validator.internal.util.Version [background-preinit] HV000001: Hibernate Validator 6.2.0.Final
2021-06-21 10:24:53,243 INFO com.OnlineSweetMartApplication [main] Starting OnlineSweetMartApplication using Java 15.0.2 on DESKTOP-MDF5G37 with PID 5352 (C:\Users\pc\git\SpringJPARest\OnlineSweetMart\bin\main started by pc in C:\Users\pc\git\SpringJPARest\OnlineSweetMart)
2021-06-21 10:24:53,244 INFO com.OnlineSweetMartApplication [main] No active profile set, falling back to default profiles: default
2021-06-21 10:24:56,314 INFO org.springframework.data.repository.config.RepositoryConfigurationDelegate [main] Bootstrapping Spring Data JPA repositories in DEFAULT mode.
2021-06-21 10:24:57,025 INFO org.springframework.data.repository.config.RepositoryConfigurationDelegate [main] Finished Spring Data repository scanning in 694 ms. Found 5 JPA repository interfaces.
2021-06-21 10:24:59,978 INFO org.springframework.boot.web.embedded.tomcat.TomcatWebServer [main] Tomcat initialized with port(s): 8085 (http)
2021-06-21 10:25:00,002 INFO org.apache.coyote.http11.Http11NioProtocol [main] Initializing ProtocolHandler ["http-nio-8085"]
2021-06-21 10:25:00,003 INFO org.apache.catalina.core.StandardService [main] Starting service [Tomcat]
2021-06-21 10:25:00,004 INFO org.apache.catalina.core.StandardEngine [main] Starting Servlet engine: [Apache Tomcat/9.0.46]
2021-06-21 10:25:00,258 INFO org.apache.catalina.core.ContainerBase.[Tomcat].[localhost].[/] [main] Initializing Spring embedded WebApplicationContext
2021-06-21 10:25:00,259 INFO org.springframework.boot.web.servlet.context.ServletWebServerApplicationContext [main] Root WebApplicationContext: initialization completed in 6910 ms
2021-06-21 10:25:00,567 INFO com.zaxxer.hikari.HikariDataSource [main] HikariPool-1 - Starting...
2021-06-21 10:25:01,151 INFO com.zaxxer.hikari.HikariDataSource [main] HikariPool-1 - Start completed.
2021-06-21 10:25:02,193 INFO org.hibernate.jpa.internal.util.LogHelper [main] HHH000204: Processing PersistenceUnitInfo [name: default]
2021-06-21 10:25:02,520 INFO org.hibernate.Version [main] HHH000412: Hibernate ORM core version 5.4.32.Final
2021-06-21 10:25:02,948 INFO org.hibernate.annotations.common.Version [main] HCANN000001: Hibernate Commons Annotations {5.1.2.Final}
2021-06-21 10:25:03,404 INFO org.hibernate.dialect.Dialect [main] HHH000400: Using dialect: org.hibernate.dialect.PostgreSQL10Dialect
2021-06-21 10:25:05,951 INFO org.hibernate.engine.transaction.jta.platform.internal.JtaPlatformInitiator [main] HHH000490: Using JtaPlatform implementation: [org.hibernate.engine.transaction.jta.platform.internal.NoJtaPlatform]
2021-06-21 10:25:05,963 INFO org.springframework.orm.jpa.LocalContainerEntityManagerFactoryBean [main] Initialized JPA EntityManagerFactory for persistence unit 'default'
2021-06-21 10:25:08,154 WARN org.springframework.boot.autoconfigure.orm.jpa.JpaBaseConfiguration$JpaWebConfiguration [main] spring.jpa.open-in-view is enabled by default. Therefore, database queries may be performed during view rendering. Explicitly configure spring.jpa.open-in-view to disable this warning
2021-06-21 10:25:10,662 INFO org.apache.coyote.http11.Http11NioProtocol [main] Starting ProtocolHandler ["http-nio-8085"]
2021-06-21 10:25:10,713 INFO org.springframework.boot.web.embedded.tomcat.TomcatWebServer [main] Tomcat started on port(s): 8085 (http) with context path ''
2021-06-21 10:25:11,945 INFO com.OnlineSweetMartApplication [main] Started OnlineSweetMartApplication in 19.433 seconds (JVM running for 20.513)
2021-06-21 10:25:19,363 INFO org.apache.catalina.core.ContainerBase.[Tomcat].[localhost].[/] [http-nio-8085-exec-1] Initializing Spring DispatcherServlet 'dispatcherServlet'
2021-06-21 10:25:19,363 INFO org.springframework.web.servlet.DispatcherServlet [http-nio-8085-exec-1] Initializing Servlet 'dispatcherServlet'
2021-06-21 10:25:19,369 INFO org.springframework.web.servlet.DispatcherServlet [http-nio-8085-exec-1] Completed initialization in 5 ms
2021-06-21 10:25:45,921 INFO com.cg.osm.controller.CustomerController [http-nio-8085-exec-4] Customer showAllCustomers()
2021-06-21 10:25:45,922 INFO com.cg.osm.service.CustomerServiceImpl [http-nio-8085-exec-4] Customer showAllCustomers()
2021-06-21 10:26:37,027 INFO com.cg.osm.service.CustomerServiceImpl [http-nio-8085-exec-6] Customer findCustomerById()
2021-06-21 10:26:37,039 INFO com.cg.osm.controller.CustomerController [http-nio-8085-exec-6] Customer findCustomerById()
